Using pre-set license
Built from '2021.3/staging' branch; Version is '2021.3.14f1 (eee1884e7226) revision 15655304'; Using compiler version '192829333'; Build Type 'Release'
OS: 'Windows 11  (10.0.22000) 64bit Core' Language: 'es' Physical Memory: 32176 MB
BatchMode: 1, IsHumanControllingUs: 0, StartBugReporterOnCrash: 0, Is64bit: 1, IsPro: 1

COMMAND LINE ARGUMENTS:
C:\Program Files\Unity 2021.3.14f1\Editor\Unity.exe
-adb2
-batchMode
-noUpm
-name
AssetImportWorker3
-projectPath
C:/Users/soyun/OneDrive/Escritorio/Unity_Level_Design/cantina-unity-design/Cantina - Level Design
-logFile
Logs/AssetImportWorker3.log
-srvPort
51603
Successfully changed project path to: C:/Users/soyun/OneDrive/Escritorio/Unity_Level_Design/cantina-unity-design/Cantina - Level Design
C:/Users/soyun/OneDrive/Escritorio/Unity_Level_Design/cantina-unity-design/Cantina - Level Design
[UnityMemory] Configuration Parameters - Can be set up in boot.config
    "memorysetup-bucket-allocator-granularity=16"
    "memorysetup-bucket-allocator-bucket-count=8"
    "memorysetup-bucket-allocator-block-size=33554432"
    "memorysetup-bucket-allocator-block-count=8"
    "memorysetup-main-allocator-block-size=16777216"
    "memorysetup-thread-allocator-block-size=16777216"
    "memorysetup-gfx-main-allocator-block-size=16777216"
    "memorysetup-gfx-thread-allocator-block-size=16777216"
    "memorysetup-cache-allocator-block-size=4194304"
    "memorysetup-typetree-allocator-block-size=2097152"
    "memorysetup-profiler-bucket-allocator-granularity=16"
    "memorysetup-profiler-bucket-allocator-bucket-count=8"
    "memorysetup-profiler-bucket-allocator-block-size=33554432"
    "memorysetup-profiler-bucket-allocator-block-count=8"
    "memorysetup-profiler-allocator-block-size=16777216"
    "memorysetup-profiler-editor-allocator-block-size=1048576"
    "memorysetup-temp-allocator-size-main=16777216"
    "memorysetup-job-temp-allocator-block-size=2097152"
    "memorysetup-job-temp-allocator-block-size-background=1048576"
    "memorysetup-job-temp-allocator-reduction-small-platforms=262144"
    "memorysetup-temp-allocator-size-background-worker=32768"
    "memorysetup-temp-allocator-size-job-worker=262144"
    "memorysetup-temp-allocator-size-preload-manager=33554432"
    "memorysetup-temp-allocator-size-nav-mesh-worker=65536"
    "memorysetup-temp-allocator-size-audio-worker=65536"
    "memorysetup-temp-allocator-size-cloud-worker=32768"
    "memorysetup-temp-allocator-size-gi-baking-worker=262144"
    "memorysetup-temp-allocator-size-gfx=262144"
Refreshing native plugins compatible for Editor in 86.66 ms, found 3 plugins.
Preloading 0 native plugins for Editor in 0.00 ms.
Initialize engine version: 2021.3.14f1 (eee1884e7226)
[Subsystems] Discovering subsystems at path C:/Program Files/Unity 2021.3.14f1/Editor/Data/Resources/UnitySubsystems
[Subsystems] Discovering subsystems at path C:/Users/soyun/OneDrive/Escritorio/Unity_Level_Design/cantina-unity-design/Cantina - Level Design/Assets
GfxDevice: creating device client; threaded=0; jobified=0
Direct3D:
    Version:  Direct3D 11.0 [level 11.1]
    Renderer: NVIDIA GeForce RTX 3080 Laptop GPU (ID=0x249c)
    Vendor:   NVIDIA
    VRAM:     16191 MB
    Driver:   31.0.15.2824
Initialize mono
Mono path[0] = 'C:/Program Files/Unity 2021.3.14f1/Editor/Data/Managed'
Mono path[1] = 'C:/Program Files/Unity 2021.3.14f1/Editor/Data/MonoBleedingEdge/lib/mono/unityjit-win32'
Mono config path = 'C:/Program Files/Unity 2021.3.14f1/Editor/Data/MonoBleedingEdge/etc'
Using monoOptions --debugger-agent=transport=dt_socket,embedding=1,server=y,suspend=n,address=127.0.0.1:56700
Begin MonoManager ReloadAssembly
Registering precompiled unity dll's ...
Register platform support module: C:/Program Files/Unity 2021.3.14f1/Editor/Data/PlaybackEngines/WindowsStandaloneSupport/UnityEditor.WindowsStandalone.Extensions.dll
Registered in 0.002659 seconds.
Native extension for WindowsStandalone target not found
Refreshing native plugins compatible for Editor in 81.68 ms, found 3 plugins.
Preloading 0 native plugins for Editor in 0.00 ms.
Mono: successfully reloaded assembly
- Completed reload, in  0.620 seconds
Domain Reload Profiling:
	ReloadAssembly (620ms)
		BeginReloadAssembly (60ms)
			ExecutionOrderSort (0ms)
			DisableScriptedObjects (0ms)
			BackupInstance (0ms)
			ReleaseScriptingObjects (0ms)
			CreateAndSetChildDomain (1ms)
		EndReloadAssembly (477ms)
			LoadAssemblies (57ms)
			RebuildTransferFunctionScriptingTraits (0ms)
			SetupTypeCache (82ms)
			ReleaseScriptCaches (0ms)
			RebuildScriptCaches (69ms)
			SetupLoadedEditorAssemblies (285ms)
				LogAssemblyErrors (0ms)
				InitializePlatformSupportModulesInManaged (6ms)
				SetLoadedEditorAssemblies (0ms)
				RefreshPlugins (82ms)
				BeforeProcessingInitializeOnLoad (1ms)
				ProcessInitializeOnLoadAttributes (119ms)
				ProcessInitializeOnLoadMethodAttributes (77ms)
				AfterProcessingInitializeOnLoad (0ms)
				EditorAssembliesLoaded (0ms)
			ExecutionOrderSort2 (0ms)
			AwakeInstancesAfterBackupRestoration (0ms)
Platform modules already initialized, skipping
Registering precompiled user dll's ...
Registered in 0.005956 seconds.
Begin MonoManager ReloadAssembly
Symbol file LoadedFromMemory doesn't match image C:\Users\soyun\OneDrive\Escritorio\Unity_Level_Design\cantina-unity-design\Cantina - Level Design\Library\PackageCache\com.unity.visualscripting@1.7.8\Editor\VisualScripting.Core\Dependencies\YamlDotNet\Unity.VisualScripting.YamlDotNet.dll
Symbol file LoadedFromMemory doesn't match image C:\Users\soyun\OneDrive\Escritorio\Unity_Level_Design\cantina-unity-design\Cantina - Level Design\Library\PackageCache\com.unity.visualscripting@1.7.8\Editor\VisualScripting.Core\Dependencies\DotNetZip\Unity.VisualScripting.IonicZip.dll
Native extension for WindowsStandalone target not found
Refreshing native plugins compatible for Editor in 1.23 ms, found 3 plugins.
Preloading 0 native plugins for Editor in 0.00 ms.
Mono: successfully reloaded assembly
- Completed reload, in  1.948 seconds
Domain Reload Profiling:
	ReloadAssembly (1949ms)
		BeginReloadAssembly (97ms)
			ExecutionOrderSort (0ms)
			DisableScriptedObjects (6ms)
			BackupInstance (0ms)
			ReleaseScriptingObjects (0ms)
			CreateAndSetChildDomain (23ms)
		EndReloadAssembly (1762ms)
			LoadAssemblies (78ms)
			RebuildTransferFunctionScriptingTraits (0ms)
			SetupTypeCache (327ms)
			ReleaseScriptCaches (1ms)
			RebuildScriptCaches (51ms)
			SetupLoadedEditorAssemblies (1256ms)
				LogAssemblyErrors (0ms)
				InitializePlatformSupportModulesInManaged (7ms)
				SetLoadedEditorAssemblies (1ms)
				RefreshPlugins (1ms)
				BeforeProcessingInitializeOnLoad (527ms)
				ProcessInitializeOnLoadAttributes (691ms)
				ProcessInitializeOnLoadMethodAttributes (24ms)
				AfterProcessingInitializeOnLoad (6ms)
				EditorAssembliesLoaded (0ms)
			ExecutionOrderSort2 (0ms)
			AwakeInstancesAfterBackupRestoration (5ms)
Platform modules already initialized, skipping
========================================================================
Worker process is ready to serve import requests
Launched and connected shader compiler UnityShaderCompiler.exe after 0.04 seconds
Refreshing native plugins compatible for Editor in 0.89 ms, found 3 plugins.
Preloading 0 native plugins for Editor in 0.00 ms.
Unloading 3871 Unused Serialized files (Serialized files now loaded: 0)
Unloading 38 unused Assets / (1.3 MB). Loaded Objects now: 4323.
Memory consumption went from 147.9 MB to 146.6 MB.
Total: 3.094700 ms (FindLiveObjects: 0.330500 ms CreateObjectMapping: 0.114400 ms MarkObjects: 2.333500 ms  DeleteObjects: 0.315600 ms)

AssetImportParameters requested are different than current active one (requested -> active):
  custom:video-decoder-ogg-theora: a1e56fd34408186e4bbccfd4996cb3dc -> 
  custom:container-muxer-webm: aa71ff27fc2769a1b78a27578f13a17b -> 
  custom:container-demuxer-webm: 4f35f7cbe854078d1ac9338744f61a02 -> 
  custom:video-encoder-webm-vp8: eb34c28f22e8b96e1ab97ce403110664 -> 
  custom:video-codec-MediaFoundation-h265: 746d11721c4dcdbdad8f713fa42b33f4 -> 
  custom:audio-encoder-webm-vorbis: bf7c407c2cedff20999df2af8eb42d56 -> 
  custom:framework-win-MediaFoundation: 216162199b28c13a410421893ffa2e32 -> 
  custom:container-demuxer-ogg: 62fdf1f143b41e24485cea50d1cbac27 -> 
  custom:video-decoder-webm-vp8: 9c59270c3fd7afecdb556c50c9e8de78 -> 
  custom:audio-decoder-ogg-vorbis: bf7c407c2cedff20999df2af8eb42d56 -> 
========================================================================
Received Import Request.
  Time since last request: 15754.758368 seconds.
  path: Assets/Prefabs/David/cutlery_fork_blended.prefab
  artifactKey: Guid(9e6ebed1fc06fe6499eaf7d401a0e754) Importer(815301076,1909f56bfc062723c751e8b465ee728b)
Start importing Assets/Prefabs/David/cutlery_fork_blended.prefab using Guid(9e6ebed1fc06fe6499eaf7d401a0e754) Importer(815301076,1909f56bfc062723c751e8b465ee728b)  -> (artifact id: '12ddd7c7681d8831bb5a38ffe312ac10') in 0.123263 seconds 
========================================================================
Received Import Request.
  Time since last request: 0.000054 seconds.
  path: Assets/Prefabs/David/Scenario.prefab
  artifactKey: Guid(902f5f28538c6a04687dfa19c8b12bf6) Importer(815301076,1909f56bfc062723c751e8b465ee728b)
Start importing Assets/Prefabs/David/Scenario.prefab using Guid(902f5f28538c6a04687dfa19c8b12bf6) Importer(815301076,1909f56bfc062723c751e8b465ee728b)  -> (artifact id: 'b5b9dc9a350d34dd0ac18c8f9310a74b') in 0.032238 seconds 
========================================================================
Received Import Request.
  Time since last request: 2.809436 seconds.
  path: Assets/Materials/David/IronBar.mat
  artifactKey: Guid(a436b9bf0356e104c81422ac65cf2b64) Importer(815301076,1909f56bfc062723c751e8b465ee728b)
Start importing Assets/Materials/David/IronBar.mat using Guid(a436b9bf0356e104c81422ac65cf2b64) Importer(815301076,1909f56bfc062723c751e8b465ee728b)  -> (artifact id: '8e2415e7a968a7f5ac9100ae8f5d9f41') in 0.032929 seconds 
========================================================================
Received Import Request.
  Time since last request: 0.000022 seconds.
  path: Assets/Materials/David/Lamp_Cable.mat
  artifactKey: Guid(4691209631966a146b14393d4594616f) Importer(815301076,1909f56bfc062723c751e8b465ee728b)
Start importing Assets/Materials/David/Lamp_Cable.mat using Guid(4691209631966a146b14393d4594616f) Importer(815301076,1909f56bfc062723c751e8b465ee728b)  -> (artifact id: '2f9d7cc365071feae97b3e8e16e71784') in 0.034097 seconds 
========================================================================
Received Import Request.
  Time since last request: 0.000024 seconds.
  path: Assets/Materials/David/Martini_Glass 1.mat
  artifactKey: Guid(e368771b87d498b4b9bc8517879a723f) Importer(815301076,1909f56bfc062723c751e8b465ee728b)
Start importing Assets/Materials/David/Martini_Glass 1.mat using Guid(e368771b87d498b4b9bc8517879a723f) Importer(815301076,1909f56bfc062723c751e8b465ee728b)  -> (artifact id: '3f2911cae4d46f304f0866571051e081') in 0.026588 seconds 
========================================================================
Received Import Request.
  Time since last request: 5.914927 seconds.
  path: Assets/Models/David/Box/DefaultMaterial_normal.png
  artifactKey: Guid(dfa8b96dd9e20e54b87dd9a8ddd48888) Importer(815301076,1909f56bfc062723c751e8b465ee728b)
Start importing Assets/Models/David/Box/DefaultMaterial_normal.png using Guid(dfa8b96dd9e20e54b87dd9a8ddd48888) Importer(815301076,1909f56bfc062723c751e8b465ee728b)  -> (artifact id: '9ec15404e6686918b9e3a394afbcdc06') in 0.039226 seconds 
========================================================================
Received Import Request.
  Time since last request: 12.910005 seconds.
  path: Assets/Models/David/Wall/wall.fbx
  artifactKey: Guid(3fb69217967feec42a694dcf4dc84734) Importer(815301076,1909f56bfc062723c751e8b465ee728b)
Start importing Assets/Models/David/Wall/wall.fbx using Guid(3fb69217967feec42a694dcf4dc84734) Importer(815301076,1909f56bfc062723c751e8b465ee728b)  -> (artifact id: 'f553007920c78d6f490b97c262303629') in 0.054459 seconds 
========================================================================
Received Import Request.
  Time since last request: 15.543627 seconds.
  path: Assets/Models/David/IronBar/ironBar_DefaultMaterial_Metallic.png
  artifactKey: Guid(913963666d2b0fd4abb3a0f919e150b7) Importer(815301076,1909f56bfc062723c751e8b465ee728b)
Start importing Assets/Models/David/IronBar/ironBar_DefaultMaterial_Metallic.png using Guid(913963666d2b0fd4abb3a0f919e150b7) Importer(815301076,1909f56bfc062723c751e8b465ee728b)  -> (artifact id: 'a04ff784fc28657d72927f8d1dc2a47f') in 0.026153 seconds 
========================================================================
Received Import Request.
  Time since last request: 0.000025 seconds.
  path: Assets/Models/David/IronBar/ironBar_DefaultMaterial_Roughness.png
  artifactKey: Guid(d6d0c7196627e4f4c994973531f395fe) Importer(815301076,1909f56bfc062723c751e8b465ee728b)
Start importing Assets/Models/David/IronBar/ironBar_DefaultMaterial_Roughness.png using Guid(d6d0c7196627e4f4c994973531f395fe) Importer(815301076,1909f56bfc062723c751e8b465ee728b)  -> (artifact id: '946d110ecfbf476a03430fbbc484e0d9') in 0.013601 seconds 
========================================================================
Received Import Request.
  Time since last request: 35.250851 seconds.
  path: Assets/Materials/Characters/Bith/Torso.mat
  artifactKey: Guid(7e026441f8e6c9d42a0b5c6ce5727259) Importer(815301076,1909f56bfc062723c751e8b465ee728b)
Start importing Assets/Materials/Characters/Bith/Torso.mat using Guid(7e026441f8e6c9d42a0b5c6ce5727259) Importer(815301076,1909f56bfc062723c751e8b465ee728b)  -> (artifact id: '5521b77c3bb27dec8c7b37e8a7cd0352') in 0.029478 seconds 
========================================================================
Received Import Request.
  Time since last request: 0.000021 seconds.
  path: Assets/Materials/Characters/Bith/Trumpet.mat
  artifactKey: Guid(68f96ba35fda2b44f9694b6df7831d12) Importer(815301076,1909f56bfc062723c751e8b465ee728b)
Start importing Assets/Materials/Characters/Bith/Trumpet.mat using Guid(68f96ba35fda2b44f9694b6df7831d12) Importer(815301076,1909f56bfc062723c751e8b465ee728b)  -> (artifact id: 'cbc7732a2085f8083fda04a151f940a0') in 0.023904 seconds 
========================================================================
Received Import Request.
  Time since last request: 17.957637 seconds.
  path: Assets/Materials/Characters/Human/Legs.mat
  artifactKey: Guid(6b71357b9233fa046a99a55f35d8bca3) Importer(815301076,1909f56bfc062723c751e8b465ee728b)
Start importing Assets/Materials/Characters/Human/Legs.mat using Guid(6b71357b9233fa046a99a55f35d8bca3) Importer(815301076,1909f56bfc062723c751e8b465ee728b)  -> (artifact id: '2caa515ded9c40a8dca8c5948370f5fb') in 0.015103 seconds 
========================================================================
Received Import Request.
  Time since last request: 14.584921 seconds.
  path: Assets/Materials/Eric/city.mat
  artifactKey: Guid(f273e531d2dd6de4da0562661975acfb) Importer(815301076,1909f56bfc062723c751e8b465ee728b)
Start importing Assets/Materials/Eric/city.mat using Guid(f273e531d2dd6de4da0562661975acfb) Importer(815301076,1909f56bfc062723c751e8b465ee728b)  -> (artifact id: '560c95b3bf4a13e6ea945f4496e49b38') in 0.011943 seconds 
========================================================================
Received Import Request.
  Time since last request: 0.000025 seconds.
  path: Assets/Materials/Eric/Wall.mat
  artifactKey: Guid(31ba9fa25d5c5f0408571a27ef4ad8f6) Importer(815301076,1909f56bfc062723c751e8b465ee728b)
Start importing Assets/Materials/Eric/Wall.mat using Guid(31ba9fa25d5c5f0408571a27ef4ad8f6) Importer(815301076,1909f56bfc062723c751e8b465ee728b)  -> (artifact id: '0814cdbbc9045516b248a69b3031f28b') in 0.023983 seconds 
========================================================================
Received Import Request.
  Time since last request: 0.000022 seconds.
  path: Assets/Materials/Eric/Sign_Material.mat
  artifactKey: Guid(85509d32b3eab0f4fb5b1788ad23fc13) Importer(815301076,1909f56bfc062723c751e8b465ee728b)
Start importing Assets/Materials/Eric/Sign_Material.mat using Guid(85509d32b3eab0f4fb5b1788ad23fc13) Importer(815301076,1909f56bfc062723c751e8b465ee728b)  -> (artifact id: '9156ef041d68556c84b028060fd6373a') in 0.020822 seconds 
========================================================================
Received Import Request.
  Time since last request: 4.124917 seconds.
  path: Assets/Models/Eric/bench/couch_DefaultMaterial_Normal.png
  artifactKey: Guid(5bfe9d7044a78104c94a1ef167182aea) Importer(815301076,1909f56bfc062723c751e8b465ee728b)
Start importing Assets/Models/Eric/bench/couch_DefaultMaterial_Normal.png using Guid(5bfe9d7044a78104c94a1ef167182aea) Importer(815301076,1909f56bfc062723c751e8b465ee728b)  -> (artifact id: '0ccf53023ead5ed6642c415cff163648') in 0.017990 seconds 
========================================================================
Received Import Request.
  Time since last request: 2.481060 seconds.
  path: Assets/Materials/Characters/Rodian/Torso.mat
  artifactKey: Guid(3357db07acf6ba84a810d5b3a14374ba) Importer(815301076,1909f56bfc062723c751e8b465ee728b)
Start importing Assets/Materials/Characters/Rodian/Torso.mat using Guid(3357db07acf6ba84a810d5b3a14374ba) Importer(815301076,1909f56bfc062723c751e8b465ee728b)  -> (artifact id: '61ffd66f623160abb9da3b810a1ef2ae') in 0.017653 seconds 
========================================================================
Received Import Request.
  Time since last request: 5.068465 seconds.
  path: Assets/Models/Eric/computer/computer_DefaultMaterial_Emission.png
  artifactKey: Guid(0965716f3e05d6341b07a49f6a318fdd) Importer(815301076,1909f56bfc062723c751e8b465ee728b)
Start importing Assets/Models/Eric/computer/computer_DefaultMaterial_Emission.png using Guid(0965716f3e05d6341b07a49f6a318fdd) Importer(815301076,1909f56bfc062723c751e8b465ee728b)  -> (artifact id: 'afa6886ae9509b1cfdd2a1950e6dd078') in 0.012139 seconds 
========================================================================
Received Import Request.
  Time since last request: 0.000017 seconds.
  path: Assets/Models/Eric/computer/computer_DefaultMaterial_Normal.png
  artifactKey: Guid(90378ff799851b94d9758e789a47a3ea) Importer(815301076,1909f56bfc062723c751e8b465ee728b)
Start importing Assets/Models/Eric/computer/computer_DefaultMaterial_Normal.png using Guid(90378ff799851b94d9758e789a47a3ea) Importer(815301076,1909f56bfc062723c751e8b465ee728b)  -> (artifact id: '8682ab5fed6505a4b3e9f2216fa902df') in 0.021561 seconds 
========================================================================
Received Import Request.
  Time since last request: 23.827202 seconds.
  path: Assets/Models/Eric/sign/sign_DefaultMaterial_MetallicSmoothness.png
  artifactKey: Guid(4b2272dd7c806b64e85cacbe173c33c3) Importer(815301076,1909f56bfc062723c751e8b465ee728b)
Start importing Assets/Models/Eric/sign/sign_DefaultMaterial_MetallicSmoothness.png using Guid(4b2272dd7c806b64e85cacbe173c33c3) Importer(815301076,1909f56bfc062723c751e8b465ee728b)  -> (artifact id: '1db542d409c245627b5a4543e6674ccf') in 0.011029 seconds 
========================================================================
Received Import Request.
  Time since last request: 0.000018 seconds.
  path: Assets/Models/Eric/sign/sign_Material_MetallicSmoothness.png
  artifactKey: Guid(341668e81feba514aba70ca2681a5953) Importer(815301076,1909f56bfc062723c751e8b465ee728b)
Start importing Assets/Models/Eric/sign/sign_Material_MetallicSmoothness.png using Guid(341668e81feba514aba70ca2681a5953) Importer(815301076,1909f56bfc062723c751e8b465ee728b)  -> (artifact id: '53966f59b45626992a27c3137fec36e9') in 0.011967 seconds 
========================================================================
Received Import Request.
  Time since last request: 0.000023 seconds.
  path: Assets/Models/Eric/sign/sign_Material_Normal.png
  artifactKey: Guid(858a69fdc0953de44920568edbe5ec71) Importer(815301076,1909f56bfc062723c751e8b465ee728b)
Start importing Assets/Models/Eric/sign/sign_Material_Normal.png using Guid(858a69fdc0953de44920568edbe5ec71) Importer(815301076,1909f56bfc062723c751e8b465ee728b)  -> (artifact id: 'd3cf3b7c4cd10efb0ceaab9aecd83478') in 0.010828 seconds 
========================================================================
Received Import Request.
  Time since last request: 1.664653 seconds.
  path: Assets/Materials/Jesus/pipeline.mat
  artifactKey: Guid(b7ae9dc43b762e849aabfc1588cadcff) Importer(815301076,1909f56bfc062723c751e8b465ee728b)
Start importing Assets/Materials/Jesus/pipeline.mat using Guid(b7ae9dc43b762e849aabfc1588cadcff) Importer(815301076,1909f56bfc062723c751e8b465ee728b)  -> (artifact id: '49921a20c5e303f72c738be7bbe6e3fd') in 0.033965 seconds 
========================================================================
Received Import Request.
  Time since last request: 336.111241 seconds.
  path: Assets/Materials/Characters/Twile'k/Body.mat
  artifactKey: Guid(3577c3c44c190ea4797dc6fa2fab8012) Importer(815301076,1909f56bfc062723c751e8b465ee728b)
Start importing Assets/Materials/Characters/Twile'k/Body.mat using Guid(3577c3c44c190ea4797dc6fa2fab8012) Importer(815301076,1909f56bfc062723c751e8b465ee728b)  -> (artifact id: 'ce019af9ca933877385c6851d392ef8f') in 0.016172 seconds 
========================================================================
Received Import Request.
  Time since last request: 0.000023 seconds.
  path: Assets/Materials/Characters/Twile'k/Head.mat
  artifactKey: Guid(57da70c3713924241a6f385feae7733d) Importer(815301076,1909f56bfc062723c751e8b465ee728b)
Start importing Assets/Materials/Characters/Twile'k/Head.mat using Guid(57da70c3713924241a6f385feae7733d) Importer(815301076,1909f56bfc062723c751e8b465ee728b)  -> (artifact id: 'f788432612cd6ffc810ae684e5b72f6c') in 0.016566 seconds 
========================================================================
Received Import Request.
  Time since last request: 0.000021 seconds.
  path: Assets/Materials/Characters/Twile'k/Twile'k.mat
  artifactKey: Guid(a3ad2021ae6de7e4a923a1d168a863cc) Importer(815301076,1909f56bfc062723c751e8b465ee728b)
Start importing Assets/Materials/Characters/Twile'k/Twile'k.mat using Guid(a3ad2021ae6de7e4a923a1d168a863cc) Importer(815301076,1909f56bfc062723c751e8b465ee728b)  -> (artifact id: '0c35d531b16d4881ac39b28d611d1e1b') in 0.012973 seconds 
========================================================================
Received Import Request.
  Time since last request: 6.753523 seconds.
  path: Assets/Materials/lifting-door-material.mat
  artifactKey: Guid(3dca41a0c71e55342b6e5a035b6dc385) Importer(815301076,1909f56bfc062723c751e8b465ee728b)
Start importing Assets/Materials/lifting-door-material.mat using Guid(3dca41a0c71e55342b6e5a035b6dc385) Importer(815301076,1909f56bfc062723c751e8b465ee728b)  -> (artifact id: 'de4fc900ea79bfc3526398b12bb8986b') in 0.011954 seconds 
========================================================================
Received Import Request.
  Time since last request: 0.000019 seconds.
  path: Assets/Materials/parkour.mat
  artifactKey: Guid(b01cd64cc28c20a408e1336433534acf) Importer(815301076,1909f56bfc062723c751e8b465ee728b)
Start importing Assets/Materials/parkour.mat using Guid(b01cd64cc28c20a408e1336433534acf) Importer(815301076,1909f56bfc062723c751e8b465ee728b)  -> (artifact id: '32e5be32d8353f2b581bdc6881990441') in 0.014387 seconds 
========================================================================
Received Import Request.
  Time since last request: 0.000020 seconds.
  path: Assets/Materials/New Material.mat
  artifactKey: Guid(aa71e58423ced554ca34bd6cce458e5d) Importer(815301076,1909f56bfc062723c751e8b465ee728b)
Start importing Assets/Materials/New Material.mat using Guid(aa71e58423ced554ca34bd6cce458e5d) Importer(815301076,1909f56bfc062723c751e8b465ee728b)  -> (artifact id: 'ee62e2ad5636ffc1be3d66a31072d6b6') in 0.012154 seconds 
========================================================================
Received Import Request.
  Time since last request: 2.336092 seconds.
  path: Assets/Materials/Characters/Bith/Legs.mat
  artifactKey: Guid(c95870a8e5837a34c9c722212b94fef7) Importer(815301076,1909f56bfc062723c751e8b465ee728b)
Start importing Assets/Materials/Characters/Bith/Legs.mat using Guid(c95870a8e5837a34c9c722212b94fef7) Importer(815301076,1909f56bfc062723c751e8b465ee728b)  -> (artifact id: '5da5c0b514c4e1cb43d5d442e99748aa') in 0.014146 seconds 
========================================================================
Received Import Request.
  Time since last request: 0.000024 seconds.
  path: Assets/Materials/Characters/Bith/Torso.mat
  artifactKey: Guid(7e026441f8e6c9d42a0b5c6ce5727259) Importer(815301076,1909f56bfc062723c751e8b465ee728b)
Start importing Assets/Materials/Characters/Bith/Torso.mat using Guid(7e026441f8e6c9d42a0b5c6ce5727259) Importer(815301076,1909f56bfc062723c751e8b465ee728b)  -> (artifact id: '0faf185c66e075e1b82e946f6f2613dd') in 0.012365 seconds 
========================================================================
Received Import Request.
  Time since last request: 38.030716 seconds.
  path: Assets/Materials/Characters/Human/Left Arm and Hand.mat
  artifactKey: Guid(484b7817f8ed83c41b31a7df37fb0ef2) Importer(815301076,1909f56bfc062723c751e8b465ee728b)
Start importing Assets/Materials/Characters/Human/Left Arm and Hand.mat using Guid(484b7817f8ed83c41b31a7df37fb0ef2) Importer(815301076,1909f56bfc062723c751e8b465ee728b)  -> (artifact id: '2ac9101424dbe2eefb21adcba1fd3fec') in 0.015856 seconds 
========================================================================
Received Import Request.
  Time since last request: 0.000029 seconds.
  path: Assets/Materials/Characters/Human/Torso.mat
  artifactKey: Guid(e258aac08c78e1f4b960c85b3b2e34b7) Importer(815301076,1909f56bfc062723c751e8b465ee728b)
Start importing Assets/Materials/Characters/Human/Torso.mat using Guid(e258aac08c78e1f4b960c85b3b2e34b7) Importer(815301076,1909f56bfc062723c751e8b465ee728b)  -> (artifact id: '546308b4e07fc4d585d88464efdc3998') in 0.015579 seconds 
========================================================================
Received Import Request.
  Time since last request: 37.258239 seconds.
  path: Assets/Materials/David/IronBar.mat
  artifactKey: Guid(a436b9bf0356e104c81422ac65cf2b64) Importer(815301076,1909f56bfc062723c751e8b465ee728b)
Start importing Assets/Materials/David/IronBar.mat using Guid(a436b9bf0356e104c81422ac65cf2b64) Importer(815301076,1909f56bfc062723c751e8b465ee728b)  -> (artifact id: '7c047458bbbf8b2b2b6cbf1d9cc37aaa') in 0.054988 seconds 
========================================================================
Received Import Request.
  Time since last request: 0.000024 seconds.
  path: Assets/Materials/David/Martini_Glass 1.mat
  artifactKey: Guid(e368771b87d498b4b9bc8517879a723f) Importer(815301076,1909f56bfc062723c751e8b465ee728b)
Start importing Assets/Materials/David/Martini_Glass 1.mat using Guid(e368771b87d498b4b9bc8517879a723f) Importer(815301076,1909f56bfc062723c751e8b465ee728b)  -> (artifact id: '720c9ee95e48a2956b0f821dbbaa9612') in 0.208304 seconds 
========================================================================
Received Import Request.
  Time since last request: 31.391836 seconds.
  path: Assets/Materials/Eric/Inner Table.mat
  artifactKey: Guid(086250450e5e8b24f9aed1c2fc3b3a8a) Importer(815301076,1909f56bfc062723c751e8b465ee728b)
Start importing Assets/Materials/Eric/Inner Table.mat using Guid(086250450e5e8b24f9aed1c2fc3b3a8a) Importer(815301076,1909f56bfc062723c751e8b465ee728b)  -> (artifact id: 'aa26af3136060ac3ea2c187136ed6f30') in 0.013238 seconds 
========================================================================
Received Import Request.
  Time since last request: 0.000027 seconds.
  path: Assets/Materials/Eric/Wall.mat
  artifactKey: Guid(31ba9fa25d5c5f0408571a27ef4ad8f6) Importer(815301076,1909f56bfc062723c751e8b465ee728b)
Start importing Assets/Materials/Eric/Wall.mat using Guid(31ba9fa25d5c5f0408571a27ef4ad8f6) Importer(815301076,1909f56bfc062723c751e8b465ee728b)  -> (artifact id: '2e4fd062fa4686ebda74c6e6ff612a81') in 0.014948 seconds 
========================================================================
Received Import Request.
  Time since last request: 15.052393 seconds.
  path: Assets/Materials/Jesus/coctelera.mat
  artifactKey: Guid(70e5d53297ec2774f88da5d2ac635bf4) Importer(815301076,1909f56bfc062723c751e8b465ee728b)
Start importing Assets/Materials/Jesus/coctelera.mat using Guid(70e5d53297ec2774f88da5d2ac635bf4) Importer(815301076,1909f56bfc062723c751e8b465ee728b)  -> (artifact id: 'f23cff8dd00e1cf4a447e94c25e42193') in 0.037559 seconds 
Editor requested this worker to shutdown with reason: Scaling down because of idle timeout
AssetImportWorker is now disconnected from the server
Process exiting
Exiting without the bug reporter. Application will terminate with return code 0