Using pre-set license
Built from '2021.3/staging' branch; Version is '2021.3.14f1 (eee1884e7226) revision 15655304'; Using compiler version '192829333'; Build Type 'Release'
OS: 'Windows 11  (10.0.22000) 64bit Core' Language: 'es' Physical Memory: 32176 MB
BatchMode: 1, IsHumanControllingUs: 0, StartBugReporterOnCrash: 0, Is64bit: 1, IsPro: 1

COMMAND LINE ARGUMENTS:
C:\Program Files\Unity 2021.3.14f1\Editor\Unity.exe
-adb2
-batchMode
-noUpm
-name
AssetImportWorker2
-projectPath
C:/Users/soyun/OneDrive/Escritorio/Unity_Level_Design/cantina-unity-design/Cantina - Level Design
-logFile
Logs/AssetImportWorker2.log
-srvPort
65452
Successfully changed project path to: C:/Users/soyun/OneDrive/Escritorio/Unity_Level_Design/cantina-unity-design/Cantina - Level Design
C:/Users/soyun/OneDrive/Escritorio/Unity_Level_Design/cantina-unity-design/Cantina - Level Design
[UnityMemory] Configuration Parameters - Can be set up in boot.config
    "memorysetup-bucket-allocator-granularity=16"
    "memorysetup-bucket-allocator-bucket-count=8"
    "memorysetup-bucket-allocator-block-size=33554432"
    "memorysetup-bucket-allocator-block-count=8"
    "memorysetup-main-allocator-block-size=16777216"
    "memorysetup-thread-allocator-block-size=16777216"
    "memorysetup-gfx-main-allocator-block-size=16777216"
    "memorysetup-gfx-thread-allocator-block-size=16777216"
    "memorysetup-cache-allocator-block-size=4194304"
    "memorysetup-typetree-allocator-block-size=2097152"
    "memorysetup-profiler-bucket-allocator-granularity=16"
    "memorysetup-profiler-bucket-allocator-bucket-count=8"
    "memorysetup-profiler-bucket-allocator-block-size=33554432"
    "memorysetup-profiler-bucket-allocator-block-count=8"
    "memorysetup-profiler-allocator-block-size=16777216"
    "memorysetup-profiler-editor-allocator-block-size=1048576"
    "memorysetup-temp-allocator-size-main=16777216"
    "memorysetup-job-temp-allocator-block-size=2097152"
    "memorysetup-job-temp-allocator-block-size-background=1048576"
    "memorysetup-job-temp-allocator-reduction-small-platforms=262144"
    "memorysetup-temp-allocator-size-background-worker=32768"
    "memorysetup-temp-allocator-size-job-worker=262144"
    "memorysetup-temp-allocator-size-preload-manager=33554432"
    "memorysetup-temp-allocator-size-nav-mesh-worker=65536"
    "memorysetup-temp-allocator-size-audio-worker=65536"
    "memorysetup-temp-allocator-size-cloud-worker=32768"
    "memorysetup-temp-allocator-size-gi-baking-worker=262144"
    "memorysetup-temp-allocator-size-gfx=262144"
Refreshing native plugins compatible for Editor in 98.60 ms, found 3 plugins.
Preloading 0 native plugins for Editor in 0.00 ms.
Initialize engine version: 2021.3.14f1 (eee1884e7226)
[Subsystems] Discovering subsystems at path C:/Program Files/Unity 2021.3.14f1/Editor/Data/Resources/UnitySubsystems
[Subsystems] Discovering subsystems at path C:/Users/soyun/OneDrive/Escritorio/Unity_Level_Design/cantina-unity-design/Cantina - Level Design/Assets
GfxDevice: creating device client; threaded=0; jobified=0
Direct3D:
    Version:  Direct3D 11.0 [level 11.1]
    Renderer: NVIDIA GeForce RTX 3080 Laptop GPU (ID=0x249c)
    Vendor:   NVIDIA
    VRAM:     16191 MB
    Driver:   31.0.15.2824
Initialize mono
Mono path[0] = 'C:/Program Files/Unity 2021.3.14f1/Editor/Data/Managed'
Mono path[1] = 'C:/Program Files/Unity 2021.3.14f1/Editor/Data/MonoBleedingEdge/lib/mono/unityjit-win32'
Mono config path = 'C:/Program Files/Unity 2021.3.14f1/Editor/Data/MonoBleedingEdge/etc'
Using monoOptions --debugger-agent=transport=dt_socket,embedding=1,server=y,suspend=n,address=127.0.0.1:56720
Begin MonoManager ReloadAssembly
Registering precompiled unity dll's ...
Register platform support module: C:/Program Files/Unity 2021.3.14f1/Editor/Data/PlaybackEngines/WindowsStandaloneSupport/UnityEditor.WindowsStandalone.Extensions.dll
Registered in 0.003266 seconds.
Native extension for WindowsStandalone target not found
Refreshing native plugins compatible for Editor in 74.71 ms, found 3 plugins.
Preloading 0 native plugins for Editor in 0.00 ms.
Mono: successfully reloaded assembly
- Completed reload, in  0.534 seconds
Domain Reload Profiling:
	ReloadAssembly (534ms)
		BeginReloadAssembly (59ms)
			ExecutionOrderSort (0ms)
			DisableScriptedObjects (0ms)
			BackupInstance (0ms)
			ReleaseScriptingObjects (0ms)
			CreateAndSetChildDomain (1ms)
		EndReloadAssembly (391ms)
			LoadAssemblies (57ms)
			RebuildTransferFunctionScriptingTraits (0ms)
			SetupTypeCache (82ms)
			ReleaseScriptCaches (0ms)
			RebuildScriptCaches (24ms)
			SetupLoadedEditorAssemblies (243ms)
				LogAssemblyErrors (0ms)
				InitializePlatformSupportModulesInManaged (6ms)
				SetLoadedEditorAssemblies (0ms)
				RefreshPlugins (75ms)
				BeforeProcessingInitializeOnLoad (1ms)
				ProcessInitializeOnLoadAttributes (122ms)
				ProcessInitializeOnLoadMethodAttributes (39ms)
				AfterProcessingInitializeOnLoad (0ms)
				EditorAssembliesLoaded (0ms)
			ExecutionOrderSort2 (0ms)
			AwakeInstancesAfterBackupRestoration (0ms)
Platform modules already initialized, skipping
Registering precompiled user dll's ...
Registered in 0.005701 seconds.
Begin MonoManager ReloadAssembly
Symbol file LoadedFromMemory doesn't match image C:\Users\soyun\OneDrive\Escritorio\Unity_Level_Design\cantina-unity-design\Cantina - Level Design\Library\PackageCache\com.unity.visualscripting@1.7.8\Editor\VisualScripting.Core\Dependencies\YamlDotNet\Unity.VisualScripting.YamlDotNet.dll
Symbol file LoadedFromMemory doesn't match image C:\Users\soyun\OneDrive\Escritorio\Unity_Level_Design\cantina-unity-design\Cantina - Level Design\Library\PackageCache\com.unity.visualscripting@1.7.8\Editor\VisualScripting.Core\Dependencies\DotNetZip\Unity.VisualScripting.IonicZip.dll
Native extension for WindowsStandalone target not found
Refreshing native plugins compatible for Editor in 0.85 ms, found 3 plugins.
Preloading 0 native plugins for Editor in 0.00 ms.
Mono: successfully reloaded assembly
- Completed reload, in  0.878 seconds
Domain Reload Profiling:
	ReloadAssembly (879ms)
		BeginReloadAssembly (91ms)
			ExecutionOrderSort (0ms)
			DisableScriptedObjects (5ms)
			BackupInstance (0ms)
			ReleaseScriptingObjects (0ms)
			CreateAndSetChildDomain (18ms)
		EndReloadAssembly (695ms)
			LoadAssemblies (71ms)
			RebuildTransferFunctionScriptingTraits (0ms)
			SetupTypeCache (199ms)
			ReleaseScriptCaches (1ms)
			RebuildScriptCaches (49ms)
			SetupLoadedEditorAssemblies (341ms)
				LogAssemblyErrors (0ms)
				InitializePlatformSupportModulesInManaged (4ms)
				SetLoadedEditorAssemblies (1ms)
				RefreshPlugins (1ms)
				BeforeProcessingInitializeOnLoad (82ms)
				ProcessInitializeOnLoadAttributes (230ms)
				ProcessInitializeOnLoadMethodAttributes (20ms)
				AfterProcessingInitializeOnLoad (5ms)
				EditorAssembliesLoaded (0ms)
			ExecutionOrderSort2 (0ms)
			AwakeInstancesAfterBackupRestoration (4ms)
Platform modules already initialized, skipping
========================================================================
Worker process is ready to serve import requests
Launched and connected shader compiler UnityShaderCompiler.exe after 0.03 seconds
Refreshing native plugins compatible for Editor in 0.77 ms, found 3 plugins.
Preloading 0 native plugins for Editor in 0.00 ms.
Unloading 3872 Unused Serialized files (Serialized files now loaded: 0)
Unloading 38 unused Assets / (1.3 MB). Loaded Objects now: 4325.
Memory consumption went from 148.1 MB to 146.8 MB.
Total: 2.871500 ms (FindLiveObjects: 0.253400 ms CreateObjectMapping: 0.088500 ms MarkObjects: 2.233800 ms  DeleteObjects: 0.294900 ms)

AssetImportParameters requested are different than current active one (requested -> active):
  custom:video-decoder-ogg-theora: a1e56fd34408186e4bbccfd4996cb3dc -> 
  custom:container-muxer-webm: aa71ff27fc2769a1b78a27578f13a17b -> 
  custom:container-demuxer-webm: 4f35f7cbe854078d1ac9338744f61a02 -> 
  custom:video-encoder-webm-vp8: eb34c28f22e8b96e1ab97ce403110664 -> 
  custom:video-codec-MediaFoundation-h265: 746d11721c4dcdbdad8f713fa42b33f4 -> 
  custom:audio-encoder-webm-vorbis: bf7c407c2cedff20999df2af8eb42d56 -> 
  custom:framework-win-MediaFoundation: 216162199b28c13a410421893ffa2e32 -> 
  custom:container-demuxer-ogg: 62fdf1f143b41e24485cea50d1cbac27 -> 
  custom:video-decoder-webm-vp8: 9c59270c3fd7afecdb556c50c9e8de78 -> 
  custom:audio-decoder-ogg-vorbis: bf7c407c2cedff20999df2af8eb42d56 -> 
========================================================================
Received Import Request.
  Time since last request: 66450.946669 seconds.
  path: Assets/Scenes/Cantina/LightingData.asset
  artifactKey: Guid(c4336c72f55a8d94fb8a2f7aecd9590c) Importer(815301076,1909f56bfc062723c751e8b465ee728b)
Start importing Assets/Scenes/Cantina/LightingData.asset using Guid(c4336c72f55a8d94fb8a2f7aecd9590c) Importer(815301076,1909f56bfc062723c751e8b465ee728b)  -> (artifact id: 'af241c92a0735b3dadf6f0b6a38e7d11') in 0.036460 seconds 
========================================================================
Received Import Request.
  Time since last request: 0.014215 seconds.
  path: Assets/Scenes/Cantina/Lightmap-1_comp_dir.png
  artifactKey: Guid(83f9853032a692646b2fd00d651911b4) Importer(815301076,1909f56bfc062723c751e8b465ee728b)
Start importing Assets/Scenes/Cantina/Lightmap-1_comp_dir.png using Guid(83f9853032a692646b2fd00d651911b4) Importer(815301076,1909f56bfc062723c751e8b465ee728b)  -> (artifact id: 'b5c75e52a298473b3009a1d01888e7c4') in 0.044197 seconds 
========================================================================
Received Import Request.
  Time since last request: 0.000023 seconds.
  path: Assets/Scenes/Cantina/Lightmap-15_comp_light.exr
  artifactKey: Guid(309577cd9c6f4d34f84010a2abee17e0) Importer(815301076,1909f56bfc062723c751e8b465ee728b)
Start importing Assets/Scenes/Cantina/Lightmap-15_comp_light.exr using Guid(309577cd9c6f4d34f84010a2abee17e0) Importer(815301076,1909f56bfc062723c751e8b465ee728b)  -> (artifact id: 'aa839cfbea0fd0a068fc5758579a9d3a') in 0.029566 seconds 
========================================================================
Received Import Request.
  Time since last request: 0.000023 seconds.
  path: Assets/Scenes/Cantina/Lightmap-3_comp_dir.png
  artifactKey: Guid(67470aa797abc9348a0ad66265e88297) Importer(815301076,1909f56bfc062723c751e8b465ee728b)
Start importing Assets/Scenes/Cantina/Lightmap-3_comp_dir.png using Guid(67470aa797abc9348a0ad66265e88297) Importer(815301076,1909f56bfc062723c751e8b465ee728b)  -> (artifact id: '8eea773c9e279c36df234d0cfe8c0304') in 0.014996 seconds 
========================================================================
Received Import Request.
  Time since last request: 0.000032 seconds.
  path: Assets/Scenes/Cantina/Lightmap-13_comp_light.exr
  artifactKey: Guid(927de01f413448743a50541058791401) Importer(815301076,1909f56bfc062723c751e8b465ee728b)
Start importing Assets/Scenes/Cantina/Lightmap-13_comp_light.exr using Guid(927de01f413448743a50541058791401) Importer(815301076,1909f56bfc062723c751e8b465ee728b)  -> (artifact id: '2842c5fa2c3d9ba03e2e8bc9ed2853af') in 0.015768 seconds 
========================================================================
Received Import Request.
  Time since last request: 0.000043 seconds.
  path: Assets/Scenes/Cantina/Lightmap-3_comp_light.exr
  artifactKey: Guid(57f86fbcc491f534ea8f881b345418bd) Importer(815301076,1909f56bfc062723c751e8b465ee728b)
Start importing Assets/Scenes/Cantina/Lightmap-3_comp_light.exr using Guid(57f86fbcc491f534ea8f881b345418bd) Importer(815301076,1909f56bfc062723c751e8b465ee728b)  -> (artifact id: '1c71c30c633aa95185ac7cafe7d96ff0') in 0.019150 seconds 
========================================================================
Received Import Request.
  Time since last request: 0.000030 seconds.
  path: Assets/Scenes/Cantina/Lightmap-8_comp_light.exr
  artifactKey: Guid(54576ec982d6f6945b10acd353284b32) Importer(815301076,1909f56bfc062723c751e8b465ee728b)
Start importing Assets/Scenes/Cantina/Lightmap-8_comp_light.exr using Guid(54576ec982d6f6945b10acd353284b32) Importer(815301076,1909f56bfc062723c751e8b465ee728b)  -> (artifact id: 'dce5fa64ecc01ad9680a07fbdfbcfa46') in 0.017124 seconds 
========================================================================
Received Import Request.
  Time since last request: 0.000029 seconds.
  path: Assets/Scenes/Cantina/Lightmap-2_comp_light.exr
  artifactKey: Guid(0a0dcfe86ee3e4f4a8faa292484c1b92) Importer(815301076,1909f56bfc062723c751e8b465ee728b)
Start importing Assets/Scenes/Cantina/Lightmap-2_comp_light.exr using Guid(0a0dcfe86ee3e4f4a8faa292484c1b92) Importer(815301076,1909f56bfc062723c751e8b465ee728b)  -> (artifact id: 'ac21048d0307111546077cda339e8b78') in 0.015001 seconds 
========================================================================
Received Import Request.
  Time since last request: 0.000051 seconds.
  path: Assets/Scenes/Cantina/Lightmap-8_comp_dir.png
  artifactKey: Guid(eef299343a5945444aa517b33d057b55) Importer(815301076,1909f56bfc062723c751e8b465ee728b)
Start importing Assets/Scenes/Cantina/Lightmap-8_comp_dir.png using Guid(eef299343a5945444aa517b33d057b55) Importer(815301076,1909f56bfc062723c751e8b465ee728b)  -> (artifact id: '431a1fb36ed1158f77962aee627e96e7') in 0.016476 seconds 
========================================================================
Received Import Request.
  Time since last request: 0.000040 seconds.
  path: Assets/Scenes/Cantina/Lightmap-12_comp_light.exr
  artifactKey: Guid(88781be589df308418c910c2746da0c1) Importer(815301076,1909f56bfc062723c751e8b465ee728b)
Start importing Assets/Scenes/Cantina/Lightmap-12_comp_light.exr using Guid(88781be589df308418c910c2746da0c1) Importer(815301076,1909f56bfc062723c751e8b465ee728b)  -> (artifact id: '9e1bce38f0e09f5075b4a85f42ede1b9') in 0.013518 seconds 
========================================================================
Received Import Request.
  Time since last request: 0.000026 seconds.
  path: Assets/Scenes/Cantina/Lightmap-6_comp_dir.png
  artifactKey: Guid(954c8948f9b340f46b4e57edf1155684) Importer(815301076,1909f56bfc062723c751e8b465ee728b)
Start importing Assets/Scenes/Cantina/Lightmap-6_comp_dir.png using Guid(954c8948f9b340f46b4e57edf1155684) Importer(815301076,1909f56bfc062723c751e8b465ee728b)  -> (artifact id: '9489979bfb9172d1e50f9a5a02d41bb5') in 0.017834 seconds 
========================================================================
Received Import Request.
  Time since last request: 0.000045 seconds.
  path: Assets/Scenes/Cantina/Lightmap-4_comp_light.exr
  artifactKey: Guid(80043ece8bf96ab4ab422648a7d35cd0) Importer(815301076,1909f56bfc062723c751e8b465ee728b)
Start importing Assets/Scenes/Cantina/Lightmap-4_comp_light.exr using Guid(80043ece8bf96ab4ab422648a7d35cd0) Importer(815301076,1909f56bfc062723c751e8b465ee728b)  -> (artifact id: '051c122ff3a9d040e92195e21aa1b970') in 0.013804 seconds 
========================================================================
Received Import Request.
  Time since last request: 0.000022 seconds.
  path: Assets/Scenes/Cantina/Lightmap-14_comp_dir.png
  artifactKey: Guid(442c464231c77b245b9d7d3ebdea118d) Importer(815301076,1909f56bfc062723c751e8b465ee728b)
Start importing Assets/Scenes/Cantina/Lightmap-14_comp_dir.png using Guid(442c464231c77b245b9d7d3ebdea118d) Importer(815301076,1909f56bfc062723c751e8b465ee728b)  -> (artifact id: '3bed00f66f014964f8c56c43841bbf5c') in 0.010076 seconds 
========================================================================
Received Import Request.
  Time since last request: 0.000025 seconds.
  path: Assets/Scenes/Cantina/Lightmap-5_comp_dir.png
  artifactKey: Guid(e7d053d1072c3b049a8c28472b812d31) Importer(815301076,1909f56bfc062723c751e8b465ee728b)
Start importing Assets/Scenes/Cantina/Lightmap-5_comp_dir.png using Guid(e7d053d1072c3b049a8c28472b812d31) Importer(815301076,1909f56bfc062723c751e8b465ee728b)  -> (artifact id: 'c0d3ded9a26364674357b566517e936c') in 0.012927 seconds 
========================================================================
Received Import Request.
  Time since last request: 0.000031 seconds.
  path: Assets/Scenes/Cantina/Lightmap-7_comp_dir.png
  artifactKey: Guid(124e05851cbe4974e88b41eb0f2ad72a) Importer(815301076,1909f56bfc062723c751e8b465ee728b)
Start importing Assets/Scenes/Cantina/Lightmap-7_comp_dir.png using Guid(124e05851cbe4974e88b41eb0f2ad72a) Importer(815301076,1909f56bfc062723c751e8b465ee728b)  -> (artifact id: '9b0d096d44f30a9ebdd5a6b3ac30f09c') in 0.011473 seconds 
========================================================================
Received Import Request.
  Time since last request: 0.000027 seconds.
  path: Assets/Scenes/Cantina/Lightmap-14_comp_light.exr
  artifactKey: Guid(2b08a65ae51494d478264886087b0d40) Importer(815301076,1909f56bfc062723c751e8b465ee728b)
Start importing Assets/Scenes/Cantina/Lightmap-14_comp_light.exr using Guid(2b08a65ae51494d478264886087b0d40) Importer(815301076,1909f56bfc062723c751e8b465ee728b)  -> (artifact id: 'dc8e3ec4c9af651434a522e0f01b6d32') in 0.010922 seconds 
========================================================================
Received Import Request.
  Time since last request: 0.000033 seconds.
  path: Assets/Scenes/Cantina/Lightmap-10_comp_dir.png
  artifactKey: Guid(0de65f36cf02507458444f3f6c36339b) Importer(815301076,1909f56bfc062723c751e8b465ee728b)
Start importing Assets/Scenes/Cantina/Lightmap-10_comp_dir.png using Guid(0de65f36cf02507458444f3f6c36339b) Importer(815301076,1909f56bfc062723c751e8b465ee728b)  -> (artifact id: 'd4380a49b20bd1e28d5c585ec7640737') in 0.010718 seconds 
Editor requested this worker to shutdown with reason: Scaling down because of idle timeout
AssetImportWorker is now disconnected from the server
Process exiting
Exiting without the bug reporter. Application will terminate with return code 0