Using pre-set license
Built from '2021.3/staging' branch; Version is '2021.3.14f1 (eee1884e7226) revision 15655304'; Using compiler version '192829333'; Build Type 'Release'
OS: 'Windows 11  (10.0.22621) 64bit Core' Language: 'en' Physical Memory: 16063 MB
BatchMode: 1, IsHumanControllingUs: 0, StartBugReporterOnCrash: 0, Is64bit: 1, IsPro: 1

COMMAND LINE ARGUMENTS:
C:\Program Files\Unity\Hub\Editor\2021.3.14f1\Editor\Unity.exe
-adb2
-batchMode
-noUpm
-name
AssetImportWorker8
-projectPath
C:/Users/Santiago/Documents/Master/Assets Assigment/cantina-unity-design/Cantina - Level Design
-logFile
Logs/AssetImportWorker8.log
-srvPort
49740
Successfully changed project path to: C:/Users/Santiago/Documents/Master/Assets Assigment/cantina-unity-design/Cantina - Level Design
C:/Users/Santiago/Documents/Master/Assets Assigment/cantina-unity-design/Cantina - Level Design
[UnityMemory] Configuration Parameters - Can be set up in boot.config
    "memorysetup-bucket-allocator-granularity=16"
    "memorysetup-bucket-allocator-bucket-count=8"
    "memorysetup-bucket-allocator-block-size=33554432"
    "memorysetup-bucket-allocator-block-count=8"
    "memorysetup-main-allocator-block-size=16777216"
    "memorysetup-thread-allocator-block-size=16777216"
    "memorysetup-gfx-main-allocator-block-size=16777216"
    "memorysetup-gfx-thread-allocator-block-size=16777216"
    "memorysetup-cache-allocator-block-size=4194304"
    "memorysetup-typetree-allocator-block-size=2097152"
    "memorysetup-profiler-bucket-allocator-granularity=16"
    "memorysetup-profiler-bucket-allocator-bucket-count=8"
    "memorysetup-profiler-bucket-allocator-block-size=33554432"
    "memorysetup-profiler-bucket-allocator-block-count=8"
    "memorysetup-profiler-allocator-block-size=16777216"
    "memorysetup-profiler-editor-allocator-block-size=1048576"
    "memorysetup-temp-allocator-size-main=16777216"
    "memorysetup-job-temp-allocator-block-size=2097152"
    "memorysetup-job-temp-allocator-block-size-background=1048576"
    "memorysetup-job-temp-allocator-reduction-small-platforms=262144"
    "memorysetup-temp-allocator-size-background-worker=32768"
    "memorysetup-temp-allocator-size-job-worker=262144"
    "memorysetup-temp-allocator-size-preload-manager=33554432"
    "memorysetup-temp-allocator-size-nav-mesh-worker=65536"
    "memorysetup-temp-allocator-size-audio-worker=65536"
    "memorysetup-temp-allocator-size-cloud-worker=32768"
    "memorysetup-temp-allocator-size-gi-baking-worker=262144"
    "memorysetup-temp-allocator-size-gfx=262144"
Refreshing native plugins compatible for Editor in 111.29 ms, found 3 plugins.
Preloading 0 native plugins for Editor in 0.00 ms.
Initialize engine version: 2021.3.14f1 (eee1884e7226)
[Subsystems] Discovering subsystems at path C:/Program Files/Unity/Hub/Editor/2021.3.14f1/Editor/Data/Resources/UnitySubsystems
[Subsystems] Discovering subsystems at path C:/Users/Santiago/Documents/Master/Assets Assigment/cantina-unity-design/Cantina - Level Design/Assets
GfxDevice: creating device client; threaded=0; jobified=0
Direct3D:
    Version:  Direct3D 11.0 [level 11.1]
    Renderer: NVIDIA GeForce RTX 3070 Laptop GPU (ID=0x249d)
    Vendor:   NVIDIA
    VRAM:     8033 MB
    Driver:   31.0.15.2824
Initialize mono
Mono path[0] = 'C:/Program Files/Unity/Hub/Editor/2021.3.14f1/Editor/Data/Managed'
Mono path[1] = 'C:/Program Files/Unity/Hub/Editor/2021.3.14f1/Editor/Data/MonoBleedingEdge/lib/mono/unityjit-win32'
Mono config path = 'C:/Program Files/Unity/Hub/Editor/2021.3.14f1/Editor/Data/MonoBleedingEdge/etc'
Using monoOptions --debugger-agent=transport=dt_socket,embedding=1,server=y,suspend=n,address=127.0.0.1:56452
Begin MonoManager ReloadAssembly
Registering precompiled unity dll's ...
Register platform support module: C:/Program Files/Unity/Hub/Editor/2021.3.14f1/Editor/Data/PlaybackEngines/WebGLSupport/UnityEditor.WebGL.Extensions.dll
Register platform support module: C:/Program Files/Unity/Hub/Editor/2021.3.14f1/Editor/Data/PlaybackEngines/WindowsStandaloneSupport/UnityEditor.WindowsStandalone.Extensions.dll
Registered in 0.003925 seconds.
Native extension for WindowsStandalone target not found
Native extension for WebGL target not found
Refreshing native plugins compatible for Editor in 74.74 ms, found 3 plugins.
Preloading 0 native plugins for Editor in 0.00 ms.
Mono: successfully reloaded assembly
- Completed reload, in  0.603 seconds
Domain Reload Profiling:
	ReloadAssembly (604ms)
		BeginReloadAssembly (72ms)
			ExecutionOrderSort (0ms)
			DisableScriptedObjects (0ms)
			BackupInstance (0ms)
			ReleaseScriptingObjects (0ms)
			CreateAndSetChildDomain (1ms)
		EndReloadAssembly (429ms)
			LoadAssemblies (71ms)
			RebuildTransferFunctionScriptingTraits (0ms)
			SetupTypeCache (105ms)
			ReleaseScriptCaches (0ms)
			RebuildScriptCaches (32ms)
			SetupLoadedEditorAssemblies (243ms)
				LogAssemblyErrors (0ms)
				InitializePlatformSupportModulesInManaged (7ms)
				SetLoadedEditorAssemblies (0ms)
				RefreshPlugins (75ms)
				BeforeProcessingInitializeOnLoad (1ms)
				ProcessInitializeOnLoadAttributes (120ms)
				ProcessInitializeOnLoadMethodAttributes (40ms)
				AfterProcessingInitializeOnLoad (0ms)
				EditorAssembliesLoaded (0ms)
			ExecutionOrderSort2 (0ms)
			AwakeInstancesAfterBackupRestoration (0ms)
Platform modules already initialized, skipping
Registering precompiled user dll's ...
Registered in 0.005550 seconds.
Begin MonoManager ReloadAssembly
Native extension for WindowsStandalone target not found
Native extension for WebGL target not found
Refreshing native plugins compatible for Editor in 0.72 ms, found 3 plugins.
Preloading 0 native plugins for Editor in 0.00 ms.
Mono: successfully reloaded assembly
- Completed reload, in  1.013 seconds
Domain Reload Profiling:
	ReloadAssembly (1014ms)
		BeginReloadAssembly (104ms)
			ExecutionOrderSort (0ms)
			DisableScriptedObjects (4ms)
			BackupInstance (0ms)
			ReleaseScriptingObjects (0ms)
			CreateAndSetChildDomain (21ms)
		EndReloadAssembly (801ms)
			LoadAssemblies (75ms)
			RebuildTransferFunctionScriptingTraits (0ms)
			SetupTypeCache (249ms)
			ReleaseScriptCaches (1ms)
			RebuildScriptCaches (57ms)
			SetupLoadedEditorAssemblies (385ms)
				LogAssemblyErrors (0ms)
				InitializePlatformSupportModulesInManaged (7ms)
				SetLoadedEditorAssemblies (0ms)
				RefreshPlugins (1ms)
				BeforeProcessingInitializeOnLoad (92ms)
				ProcessInitializeOnLoadAttributes (259ms)
				ProcessInitializeOnLoadMethodAttributes (22ms)
				AfterProcessingInitializeOnLoad (4ms)
				EditorAssembliesLoaded (0ms)
			ExecutionOrderSort2 (0ms)
			AwakeInstancesAfterBackupRestoration (5ms)
Platform modules already initialized, skipping
========================================================================
Worker process is ready to serve import requests
Launched and connected shader compiler UnityShaderCompiler.exe after 0.05 seconds
Refreshing native plugins compatible for Editor in 0.63 ms, found 3 plugins.
Preloading 0 native plugins for Editor in 0.00 ms.
Unloading 3735 Unused Serialized files (Serialized files now loaded: 0)
Unloading 26 unused Assets / (111.0 KB). Loaded Objects now: 4195.
Memory consumption went from 134.8 MB to 134.7 MB.
Total: 4.573300 ms (FindLiveObjects: 0.240000 ms CreateObjectMapping: 0.135300 ms MarkObjects: 4.047900 ms  DeleteObjects: 0.148500 ms)

AssetImportParameters requested are different than current active one (requested -> active):
  custom:video-decoder-ogg-theora: a1e56fd34408186e4bbccfd4996cb3dc -> 
  custom:container-muxer-webm: aa71ff27fc2769a1b78a27578f13a17b -> 
  custom:container-demuxer-webm: 4f35f7cbe854078d1ac9338744f61a02 -> 
  custom:video-encoder-webm-vp8: eb34c28f22e8b96e1ab97ce403110664 -> 
  custom:video-codec-MediaFoundation-h265: 746d11721c4dcdbdad8f713fa42b33f4 -> 
  custom:audio-encoder-webm-vorbis: bf7c407c2cedff20999df2af8eb42d56 -> 
  custom:framework-win-MediaFoundation: 216162199b28c13a410421893ffa2e32 -> 
  custom:container-demuxer-ogg: 62fdf1f143b41e24485cea50d1cbac27 -> 
  custom:video-decoder-webm-vp8: 9c59270c3fd7afecdb556c50c9e8de78 -> 
  custom:audio-decoder-ogg-vorbis: bf7c407c2cedff20999df2af8eb42d56 -> 
========================================================================
Received Import Request.
  Time since last request: 51304.142503 seconds.
  path: Assets/Models/Santiago/Plant/plant.prefab
  artifactKey: Guid(31d0551339c03214a935ff50087c5002) Importer(815301076,1909f56bfc062723c751e8b465ee728b)
Start importing Assets/Models/Santiago/Plant/plant.prefab using Guid(31d0551339c03214a935ff50087c5002) Importer(815301076,1909f56bfc062723c751e8b465ee728b)  -> (artifact id: 'cf2a7a8fd9078f9cd8ecd3fb8becff85') in 0.138418 seconds 
========================================================================
Received Import Request.
  Time since last request: 205.970344 seconds.
  path: Assets/Models/Santiago/Window
  artifactKey: Guid(0fd4a57e3284c2f4c896be4a59d0b624) Importer(815301076,1909f56bfc062723c751e8b465ee728b)
Start importing Assets/Models/Santiago/Window using Guid(0fd4a57e3284c2f4c896be4a59d0b624) Importer(815301076,1909f56bfc062723c751e8b465ee728b)  -> (artifact id: '98c714456054e7bbad903185700c086f') in 0.016709 seconds 
========================================================================
Received Import Request.
  Time since last request: 0.029306 seconds.
  path: Assets/Models/Santiago/Window/window.fbx
  artifactKey: Guid(8e8bbae127957df48b97764dac5fad6f) Importer(815301076,1909f56bfc062723c751e8b465ee728b)
Start importing Assets/Models/Santiago/Window/window.fbx using Guid(8e8bbae127957df48b97764dac5fad6f) Importer(815301076,1909f56bfc062723c751e8b465ee728b)  -> (artifact id: '585b624490346cfb24ce29389f53fb8a') in 0.311300 seconds 
========================================================================
Received Import Request.
  Time since last request: 37.591822 seconds.
  path: Assets/Models/Santiago/Window/window.prefab
  artifactKey: Guid(bd275cce014bdb54c82ffa5f2275d00b) Importer(815301076,1909f56bfc062723c751e8b465ee728b)
Start importing Assets/Models/Santiago/Window/window.prefab using Guid(bd275cce014bdb54c82ffa5f2275d00b) Importer(815301076,1909f56bfc062723c751e8b465ee728b)  -> (artifact id: '2d6275c234a9b79b8be0a8dc2c25b49c') in 0.019763 seconds 
========================================================================
Received Import Request.
  Time since last request: 21.971588 seconds.
  path: Assets/Models/Santiago/Door
  artifactKey: Guid(c0332552779ec5b4cac4c0ee057358fd) Importer(815301076,1909f56bfc062723c751e8b465ee728b)
Start importing Assets/Models/Santiago/Door using Guid(c0332552779ec5b4cac4c0ee057358fd) Importer(815301076,1909f56bfc062723c751e8b465ee728b)  -> (artifact id: '23f40d5f973d8d568544b7d9d5f423ff') in 0.010456 seconds 
========================================================================
Received Import Request.
  Time since last request: 0.022518 seconds.
  path: Assets/Models/Santiago/Door/door.fbx
  artifactKey: Guid(a70925b4d9dd5d948867338d8da209ef) Importer(815301076,1909f56bfc062723c751e8b465ee728b)
Start importing Assets/Models/Santiago/Door/door.fbx using Guid(a70925b4d9dd5d948867338d8da209ef) Importer(815301076,1909f56bfc062723c751e8b465ee728b)  -> (artifact id: '08f0d0336e466ae5eef6ff38a9801b32') in 0.022336 seconds 
========================================================================
Received Import Request.
  Time since last request: 0.003805 seconds.
  path: Assets/Models/Santiago/Door/lambert1_Height.png
  artifactKey: Guid(a296bfde05b726d4c96c12df9fb14bc8) Importer(815301076,1909f56bfc062723c751e8b465ee728b)
Start importing Assets/Models/Santiago/Door/lambert1_Height.png using Guid(a296bfde05b726d4c96c12df9fb14bc8) Importer(815301076,1909f56bfc062723c751e8b465ee728b)  -> (artifact id: 'bc0368720aa97b4bfd37b825892e75d2') in 0.061571 seconds 
========================================================================
Received Import Request.
  Time since last request: 0.000024 seconds.
  path: Assets/Models/Santiago/Door/lambert1_Normal.png
  artifactKey: Guid(371edea57aa25d14b8fab8abf1fcad8f) Importer(815301076,1909f56bfc062723c751e8b465ee728b)
Start importing Assets/Models/Santiago/Door/lambert1_Normal.png using Guid(371edea57aa25d14b8fab8abf1fcad8f) Importer(815301076,1909f56bfc062723c751e8b465ee728b)  -> (artifact id: 'be54e5c9bb8ba394447ae758f4a9283b') in 0.035104 seconds 
========================================================================
Received Import Request.
  Time since last request: 0.000021 seconds.
  path: Assets/Models/Santiago/Door/lambert1_Roughness.png
  artifactKey: Guid(15de1524590ea3149a27996a38e06514) Importer(815301076,1909f56bfc062723c751e8b465ee728b)
Start importing Assets/Models/Santiago/Door/lambert1_Roughness.png using Guid(15de1524590ea3149a27996a38e06514) Importer(815301076,1909f56bfc062723c751e8b465ee728b)  -> (artifact id: '34d31dbad8b92858912dd94a9a1d8ef3') in 0.043126 seconds 
========================================================================
Received Import Request.
  Time since last request: 0.000026 seconds.
  path: Assets/Models/Santiago/Door/lambert1_Normal_OpenGL.png
  artifactKey: Guid(1121feea8704fd44abf908f32489f10a) Importer(815301076,1909f56bfc062723c751e8b465ee728b)
Start importing Assets/Models/Santiago/Door/lambert1_Normal_OpenGL.png using Guid(1121feea8704fd44abf908f32489f10a) Importer(815301076,1909f56bfc062723c751e8b465ee728b)  -> (artifact id: 'f1c79f320b7c898f178b91ee0f2bfad7') in 0.048784 seconds 
========================================================================
Received Import Request.
  Time since last request: 0.000021 seconds.
  path: Assets/Models/Santiago/Door/lambert1_Roughness_1001.png
  artifactKey: Guid(21fbc683cbcfb4442970efb2a855988c) Importer(815301076,1909f56bfc062723c751e8b465ee728b)
Start importing Assets/Models/Santiago/Door/lambert1_Roughness_1001.png using Guid(21fbc683cbcfb4442970efb2a855988c) Importer(815301076,1909f56bfc062723c751e8b465ee728b)  -> (artifact id: '9cb3f352336945e52679b594815670bc') in 0.051458 seconds 
========================================================================
Received Import Request.
  Time since last request: 0.000045 seconds.
  path: Assets/Models/Santiago/Door/lambert1_Normal_1001.png
  artifactKey: Guid(1ed1e2b09dea63a44866f2c95dd32b4d) Importer(815301076,1909f56bfc062723c751e8b465ee728b)
Start importing Assets/Models/Santiago/Door/lambert1_Normal_1001.png using Guid(1ed1e2b09dea63a44866f2c95dd32b4d) Importer(815301076,1909f56bfc062723c751e8b465ee728b)  -> (artifact id: '23dc0920a1313bbc0ffbcaf0b69a4385') in 0.042328 seconds 
========================================================================
Received Import Request.
  Time since last request: 0.000020 seconds.
  path: Assets/Models/Santiago/Door/lambert1_Metallic.png
  artifactKey: Guid(6df9d5356b657394ebb94703b008fb58) Importer(815301076,1909f56bfc062723c751e8b465ee728b)
Start importing Assets/Models/Santiago/Door/lambert1_Metallic.png using Guid(6df9d5356b657394ebb94703b008fb58) Importer(815301076,1909f56bfc062723c751e8b465ee728b)  -> (artifact id: 'eed07be25a90d2e3ca1484985417530a') in 0.041018 seconds 
Editor requested this worker to shutdown with reason: Scaling down because of idle timeout
AssetImportWorker is now disconnected from the server
Process exiting
Exiting without the bug reporter. Application will terminate with return code 0