Using pre-set license
Built from '2021.3/staging' branch; Version is '2021.3.14f1 (eee1884e7226) revision 15655304'; Using compiler version '192829333'; Build Type 'Release'
OS: 'Windows 11  (10.0.22000) 64bit Core' Language: 'es' Physical Memory: 32176 MB
BatchMode: 1, IsHumanControllingUs: 0, StartBugReporterOnCrash: 0, Is64bit: 1, IsPro: 1

COMMAND LINE ARGUMENTS:
C:\Program Files\Unity 2021.3.14f1\Editor\Unity.exe
-adb2
-batchMode
-noUpm
-name
AssetImportWorker0
-projectPath
C:/Users/soyun/OneDrive/Escritorio/Unity_Level_Design/cantina-unity-design/Cantina - Level Design
-logFile
Logs/AssetImportWorker0.log
-srvPort
51105
Successfully changed project path to: C:/Users/soyun/OneDrive/Escritorio/Unity_Level_Design/cantina-unity-design/Cantina - Level Design
C:/Users/soyun/OneDrive/Escritorio/Unity_Level_Design/cantina-unity-design/Cantina - Level Design
[UnityMemory] Configuration Parameters - Can be set up in boot.config
    "memorysetup-bucket-allocator-granularity=16"
    "memorysetup-bucket-allocator-bucket-count=8"
    "memorysetup-bucket-allocator-block-size=33554432"
    "memorysetup-bucket-allocator-block-count=8"
    "memorysetup-main-allocator-block-size=16777216"
    "memorysetup-thread-allocator-block-size=16777216"
    "memorysetup-gfx-main-allocator-block-size=16777216"
    "memorysetup-gfx-thread-allocator-block-size=16777216"
    "memorysetup-cache-allocator-block-size=4194304"
    "memorysetup-typetree-allocator-block-size=2097152"
    "memorysetup-profiler-bucket-allocator-granularity=16"
    "memorysetup-profiler-bucket-allocator-bucket-count=8"
    "memorysetup-profiler-bucket-allocator-block-size=33554432"
    "memorysetup-profiler-bucket-allocator-block-count=8"
    "memorysetup-profiler-allocator-block-size=16777216"
    "memorysetup-profiler-editor-allocator-block-size=1048576"
    "memorysetup-temp-allocator-size-main=16777216"
    "memorysetup-job-temp-allocator-block-size=2097152"
    "memorysetup-job-temp-allocator-block-size-background=1048576"
    "memorysetup-job-temp-allocator-reduction-small-platforms=262144"
    "memorysetup-temp-allocator-size-background-worker=32768"
    "memorysetup-temp-allocator-size-job-worker=262144"
    "memorysetup-temp-allocator-size-preload-manager=33554432"
    "memorysetup-temp-allocator-size-nav-mesh-worker=65536"
    "memorysetup-temp-allocator-size-audio-worker=65536"
    "memorysetup-temp-allocator-size-cloud-worker=32768"
    "memorysetup-temp-allocator-size-gi-baking-worker=262144"
    "memorysetup-temp-allocator-size-gfx=262144"
Refreshing native plugins compatible for Editor in 64.40 ms, found 3 plugins.
Preloading 0 native plugins for Editor in 0.00 ms.
Initialize engine version: 2021.3.14f1 (eee1884e7226)
[Subsystems] Discovering subsystems at path C:/Program Files/Unity 2021.3.14f1/Editor/Data/Resources/UnitySubsystems
[Subsystems] Discovering subsystems at path C:/Users/soyun/OneDrive/Escritorio/Unity_Level_Design/cantina-unity-design/Cantina - Level Design/Assets
GfxDevice: creating device client; threaded=0; jobified=0
Direct3D:
    Version:  Direct3D 11.0 [level 11.1]
    Renderer: NVIDIA GeForce RTX 3080 Laptop GPU (ID=0x249c)
    Vendor:   NVIDIA
    VRAM:     16191 MB
    Driver:   31.0.15.2756
Initialize mono
Mono path[0] = 'C:/Program Files/Unity 2021.3.14f1/Editor/Data/Managed'
Mono path[1] = 'C:/Program Files/Unity 2021.3.14f1/Editor/Data/MonoBleedingEdge/lib/mono/unityjit-win32'
Mono config path = 'C:/Program Files/Unity 2021.3.14f1/Editor/Data/MonoBleedingEdge/etc'
Using monoOptions --debugger-agent=transport=dt_socket,embedding=1,server=y,suspend=n,address=127.0.0.1:56780
Begin MonoManager ReloadAssembly
Registering precompiled unity dll's ...
Register platform support module: C:/Program Files/Unity 2021.3.14f1/Editor/Data/PlaybackEngines/WindowsStandaloneSupport/UnityEditor.WindowsStandalone.Extensions.dll
Registered in 0.003742 seconds.
Native extension for WindowsStandalone target not found
Refreshing native plugins compatible for Editor in 73.51 ms, found 3 plugins.
Preloading 0 native plugins for Editor in 0.00 ms.
Mono: successfully reloaded assembly
- Completed reload, in  0.565 seconds
Domain Reload Profiling:
	ReloadAssembly (566ms)
		BeginReloadAssembly (58ms)
			ExecutionOrderSort (0ms)
			DisableScriptedObjects (0ms)
			BackupInstance (0ms)
			ReleaseScriptingObjects (0ms)
			CreateAndSetChildDomain (1ms)
		EndReloadAssembly (422ms)
			LoadAssemblies (56ms)
			RebuildTransferFunctionScriptingTraits (0ms)
			SetupTypeCache (84ms)
			ReleaseScriptCaches (0ms)
			RebuildScriptCaches (24ms)
			SetupLoadedEditorAssemblies (272ms)
				LogAssemblyErrors (0ms)
				InitializePlatformSupportModulesInManaged (6ms)
				SetLoadedEditorAssemblies (0ms)
				RefreshPlugins (74ms)
				BeforeProcessingInitializeOnLoad (1ms)
				ProcessInitializeOnLoadAttributes (141ms)
				ProcessInitializeOnLoadMethodAttributes (50ms)
				AfterProcessingInitializeOnLoad (0ms)
				EditorAssembliesLoaded (0ms)
			ExecutionOrderSort2 (0ms)
			AwakeInstancesAfterBackupRestoration (0ms)
Platform modules already initialized, skipping
Registering precompiled user dll's ...
Registered in 0.005193 seconds.
Begin MonoManager ReloadAssembly
Symbol file LoadedFromMemory doesn't match image C:\Users\soyun\OneDrive\Escritorio\Unity_Level_Design\cantina-unity-design\Cantina - Level Design\Library\PackageCache\com.unity.visualscripting@1.7.8\Editor\VisualScripting.Core\Dependencies\YamlDotNet\Unity.VisualScripting.YamlDotNet.dll
Symbol file LoadedFromMemory doesn't match image C:\Users\soyun\OneDrive\Escritorio\Unity_Level_Design\cantina-unity-design\Cantina - Level Design\Library\PackageCache\com.unity.visualscripting@1.7.8\Editor\VisualScripting.Core\Dependencies\DotNetZip\Unity.VisualScripting.IonicZip.dll
Native extension for WindowsStandalone target not found
Refreshing native plugins compatible for Editor in 0.71 ms, found 3 plugins.
Preloading 0 native plugins for Editor in 0.00 ms.
Mono: successfully reloaded assembly
- Completed reload, in  0.965 seconds
Domain Reload Profiling:
	ReloadAssembly (966ms)
		BeginReloadAssembly (89ms)
			ExecutionOrderSort (0ms)
			DisableScriptedObjects (5ms)
			BackupInstance (0ms)
			ReleaseScriptingObjects (0ms)
			CreateAndSetChildDomain (18ms)
		EndReloadAssembly (787ms)
			LoadAssemblies (65ms)
			RebuildTransferFunctionScriptingTraits (0ms)
			SetupTypeCache (243ms)
			ReleaseScriptCaches (1ms)
			RebuildScriptCaches (84ms)
			SetupLoadedEditorAssemblies (338ms)
				LogAssemblyErrors (0ms)
				InitializePlatformSupportModulesInManaged (5ms)
				SetLoadedEditorAssemblies (1ms)
				RefreshPlugins (1ms)
				BeforeProcessingInitializeOnLoad (84ms)
				ProcessInitializeOnLoadAttributes (222ms)
				ProcessInitializeOnLoadMethodAttributes (20ms)
				AfterProcessingInitializeOnLoad (5ms)
				EditorAssembliesLoaded (0ms)
			ExecutionOrderSort2 (0ms)
			AwakeInstancesAfterBackupRestoration (4ms)
Platform modules already initialized, skipping
========================================================================
Worker process is ready to serve import requests
Launched and connected shader compiler UnityShaderCompiler.exe after 0.03 seconds
Refreshing native plugins compatible for Editor in 0.81 ms, found 3 plugins.
Preloading 0 native plugins for Editor in 0.00 ms.
Unloading 3735 Unused Serialized files (Serialized files now loaded: 0)
Unloading 26 unused Assets / (104.0 KB). Loaded Objects now: 4198.
Memory consumption went from 135.0 MB to 134.9 MB.
Total: 3.843300 ms (FindLiveObjects: 0.335600 ms CreateObjectMapping: 0.129100 ms MarkObjects: 3.230700 ms  DeleteObjects: 0.146800 ms)

AssetImportParameters requested are different than current active one (requested -> active):
  custom:video-decoder-ogg-theora: a1e56fd34408186e4bbccfd4996cb3dc -> 
  custom:container-muxer-webm: aa71ff27fc2769a1b78a27578f13a17b -> 
  custom:container-demuxer-webm: 4f35f7cbe854078d1ac9338744f61a02 -> 
  custom:video-encoder-webm-vp8: eb34c28f22e8b96e1ab97ce403110664 -> 
  custom:video-codec-MediaFoundation-h265: 746d11721c4dcdbdad8f713fa42b33f4 -> 
  custom:audio-encoder-webm-vorbis: bf7c407c2cedff20999df2af8eb42d56 -> 
  custom:framework-win-MediaFoundation: 216162199b28c13a410421893ffa2e32 -> 
  custom:container-demuxer-ogg: 62fdf1f143b41e24485cea50d1cbac27 -> 
  custom:video-decoder-webm-vp8: 9c59270c3fd7afecdb556c50c9e8de78 -> 
  custom:audio-decoder-ogg-vorbis: bf7c407c2cedff20999df2af8eb42d56 -> 
========================================================================
Received Import Request.
  Time since last request: 1545685.223149 seconds.
  path: Assets/Models/Eric/bar/bar_DefaultMaterial_MetallicSmoothness.png
  artifactKey: Guid(5557407aed40e9a4fbdb78785c75b3e9) Importer(815301076,1909f56bfc062723c751e8b465ee728b)
Start importing Assets/Models/Eric/bar/bar_DefaultMaterial_MetallicSmoothness.png using Guid(5557407aed40e9a4fbdb78785c75b3e9) Importer(815301076,1909f56bfc062723c751e8b465ee728b)  -> (artifact id: '4395540a32118d5ab3b0152c9a1cf144') in 0.098845 seconds 
========================================================================
Received Import Request.
  Time since last request: 0.000022 seconds.
  path: Assets/Models/Eric/bar/bar.fbx
  artifactKey: Guid(584fcadd4ce6ca1429a1ecc41f248db3) Importer(815301076,1909f56bfc062723c751e8b465ee728b)
Start importing Assets/Models/Eric/bar/bar.fbx using Guid(584fcadd4ce6ca1429a1ecc41f248db3) Importer(815301076,1909f56bfc062723c751e8b465ee728b)  -> (artifact id: '199514764a89c35dfee82ee945907657') in 0.129597 seconds 
========================================================================
Received Import Request.
  Time since last request: 8.045406 seconds.
  path: Assets/Models/David/Cutlery
  artifactKey: Guid(26ce005b43211284490d6a3b0777459d) Importer(815301076,1909f56bfc062723c751e8b465ee728b)
Start importing Assets/Models/David/Cutlery using Guid(26ce005b43211284490d6a3b0777459d) Importer(815301076,1909f56bfc062723c751e8b465ee728b)  -> (artifact id: '446a7a98ef73fce88cca268e9390744c') in 0.005099 seconds 
========================================================================
Received Import Request.
  Time since last request: 39.930546 seconds.
  path: Assets/Models/David/Cutlery/cutlery_fork.fbx
  artifactKey: Guid(dd895c972efb68644a4b7e88f5b8a475) Importer(815301076,1909f56bfc062723c751e8b465ee728b)
Start importing Assets/Models/David/Cutlery/cutlery_fork.fbx using Guid(dd895c972efb68644a4b7e88f5b8a475) Importer(815301076,1909f56bfc062723c751e8b465ee728b)  -> (artifact id: 'f5313f5ed6fc2844555bdb0c228b15a6') in 0.017004 seconds 
========================================================================
Received Import Request.
  Time since last request: 0.000030 seconds.
  path: Assets/Models/David/Cutlery/cutlery_spoon.fbx
  artifactKey: Guid(29827e1896018b14ea655255e91439b1) Importer(815301076,1909f56bfc062723c751e8b465ee728b)
Start importing Assets/Models/David/Cutlery/cutlery_spoon.fbx using Guid(29827e1896018b14ea655255e91439b1) Importer(815301076,1909f56bfc062723c751e8b465ee728b)  -> (artifact id: 'f69c1e947d1c8d30c81607aa3fa715fc') in 0.016905 seconds 
========================================================================
Received Import Request.
  Time since last request: 16.020963 seconds.
  path: Assets/Models/David/Martini
  artifactKey: Guid(37405cedd54e23a4ab869c1866aca1b7) Importer(815301076,1909f56bfc062723c751e8b465ee728b)
Start importing Assets/Models/David/Martini using Guid(37405cedd54e23a4ab869c1866aca1b7) Importer(815301076,1909f56bfc062723c751e8b465ee728b)  -> (artifact id: '268eb25ac7eb44be6e45f4e9d6186b38') in 0.005772 seconds 
========================================================================
Received Import Request.
  Time since last request: 19.476935 seconds.
  path: Assets/Models/David/Martini/martini.fbx
  artifactKey: Guid(c1dc19a8973efbf45a34e7ded0d42858) Importer(815301076,1909f56bfc062723c751e8b465ee728b)
Start importing Assets/Models/David/Martini/martini.fbx using Guid(c1dc19a8973efbf45a34e7ded0d42858) Importer(815301076,1909f56bfc062723c751e8b465ee728b)  -> (artifact id: 'a926ec870d8d49b442b1a48e354d68cf') in 0.041739 seconds 
========================================================================
Received Import Request.
  Time since last request: 16.016111 seconds.
  path: Assets/Models/Eric/inner_table_bar
  artifactKey: Guid(10962b0580c5865459a4e2519b19cdbb) Importer(815301076,1909f56bfc062723c751e8b465ee728b)
Start importing Assets/Models/Eric/inner_table_bar using Guid(10962b0580c5865459a4e2519b19cdbb) Importer(815301076,1909f56bfc062723c751e8b465ee728b)  -> (artifact id: '16246139a676e8d8705c415a636d27fe') in 0.006216 seconds 
========================================================================
Received Import Request.
  Time since last request: 0.690943 seconds.
  path: Assets/Models/Eric/inner_table_bar/inner_table_bar.fbx
  artifactKey: Guid(e87e5a45c0c70544e899abe79253a51d) Importer(815301076,1909f56bfc062723c751e8b465ee728b)
Start importing Assets/Models/Eric/inner_table_bar/inner_table_bar.fbx using Guid(e87e5a45c0c70544e899abe79253a51d) Importer(815301076,1909f56bfc062723c751e8b465ee728b)  -> (artifact id: '0649afdd3871ca4b3bf18a2454dc9574') in 0.016841 seconds 
========================================================================
Received Import Request.
  Time since last request: 0.000030 seconds.
  path: Assets/Models/Eric/inner_table_bar/inner_table_bar_DefaultMaterial_SpecularSmoothness.png
  artifactKey: Guid(d37316ebe0675194abfd21bd3e8ec75a) Importer(815301076,1909f56bfc062723c751e8b465ee728b)
Start importing Assets/Models/Eric/inner_table_bar/inner_table_bar_DefaultMaterial_SpecularSmoothness.png using Guid(d37316ebe0675194abfd21bd3e8ec75a) Importer(815301076,1909f56bfc062723c751e8b465ee728b)  -> (artifact id: '9bbd674c64b152e3bee85ece62c1adde') in 0.013106 seconds 
========================================================================
Received Import Request.
  Time since last request: 23.502425 seconds.
  path: Assets/Prefabs
  artifactKey: Guid(4ae990c7dafb20647b88bd91397516d3) Importer(815301076,1909f56bfc062723c751e8b465ee728b)
Start importing Assets/Prefabs using Guid(4ae990c7dafb20647b88bd91397516d3) Importer(815301076,1909f56bfc062723c751e8b465ee728b)  -> (artifact id: 'b7d5fa5c95cd92e10d944be52654a07d') in 0.005729 seconds 
========================================================================
Received Import Request.
  Time since last request: 5.865097 seconds.
  path: Assets/Prefabs/David
  artifactKey: Guid(14703345f2c1ea74a92a60707c114fc6) Importer(815301076,1909f56bfc062723c751e8b465ee728b)
Start importing Assets/Prefabs/David using Guid(14703345f2c1ea74a92a60707c114fc6) Importer(815301076,1909f56bfc062723c751e8b465ee728b)  -> (artifact id: 'c2c4a15b7d57077c8d37b45b2292d53c') in 0.005164 seconds 
========================================================================
Received Import Request.
  Time since last request: 8.264232 seconds.
  path: Assets/Models/David/Box/box.prefab
  artifactKey: Guid(4138a0619489954499fa39de12fadebb) Importer(815301076,1909f56bfc062723c751e8b465ee728b)
Start importing Assets/Models/David/Box/box.prefab using Guid(4138a0619489954499fa39de12fadebb) Importer(815301076,1909f56bfc062723c751e8b465ee728b)  -> (artifact id: 'fef58660aa687802b755705feb01ba69') in 0.022976 seconds 
========================================================================
Received Import Request.
  Time since last request: 51.115557 seconds.
  path: Assets/Models/David/Wall/DefaultMaterial_normal.png
  artifactKey: Guid(2b5ef505ed531f942825d8359165c776) Importer(815301076,1909f56bfc062723c751e8b465ee728b)
Start importing Assets/Models/David/Wall/DefaultMaterial_normal.png using Guid(2b5ef505ed531f942825d8359165c776) Importer(815301076,1909f56bfc062723c751e8b465ee728b)  -> (artifact id: 'a4c8edeb1c7106362e1ab44f604adff7') in 0.012066 seconds 
========================================================================
Received Import Request.
  Time since last request: 18.294031 seconds.
  path: Assets/Prefabs/David/Wall_Object.prefab
  artifactKey: Guid(bb1d524d0ef6a004883def2930ceac2a) Importer(815301076,1909f56bfc062723c751e8b465ee728b)
Start importing Assets/Prefabs/David/Wall_Object.prefab using Guid(bb1d524d0ef6a004883def2930ceac2a) Importer(815301076,1909f56bfc062723c751e8b465ee728b)  -> (artifact id: '401df8e882f4b9a43a550f148ce265be') in 0.013981 seconds 
========================================================================
Received Import Request.
  Time since last request: 89.023444 seconds.
  path: Assets/Models/David/Martini/martini_Glass_BaseColor.png
  artifactKey: Guid(6fa1310fb6f31054e8b7b5e842b0559c) Importer(815301076,1909f56bfc062723c751e8b465ee728b)
Start importing Assets/Models/David/Martini/martini_Glass_BaseColor.png using Guid(6fa1310fb6f31054e8b7b5e842b0559c) Importer(815301076,1909f56bfc062723c751e8b465ee728b)  -> (artifact id: '840f434c50bffcb1e7efcaae22dad04c') in 0.013124 seconds 
========================================================================
Received Import Request.
  Time since last request: 0.024273 seconds.
  path: Assets/Models/David/Martini/martini_Glass_Roughness.png
  artifactKey: Guid(35230d636e912914aa611915872504cd) Importer(815301076,1909f56bfc062723c751e8b465ee728b)
Start importing Assets/Models/David/Martini/martini_Glass_Roughness.png using Guid(35230d636e912914aa611915872504cd) Importer(815301076,1909f56bfc062723c751e8b465ee728b)  -> (artifact id: 'edc320e48351f1dd42af4c284ec63a78') in 0.013383 seconds 
========================================================================
Received Import Request.
  Time since last request: 0.000028 seconds.
  path: Assets/Models/David/Martini/martini_toothpick_Metallic.png
  artifactKey: Guid(46c464aa5f19a604cb160637be3502e2) Importer(815301076,1909f56bfc062723c751e8b465ee728b)
Start importing Assets/Models/David/Martini/martini_toothpick_Metallic.png using Guid(46c464aa5f19a604cb160637be3502e2) Importer(815301076,1909f56bfc062723c751e8b465ee728b)  -> (artifact id: '5ac8160af1bfe27c3db92b3ac196c5d0') in 0.014601 seconds 
========================================================================
Received Import Request.
  Time since last request: 0.000036 seconds.
  path: Assets/Models/David/Martini/martini_Olive_Metallic.png
  artifactKey: Guid(a53f9e660a1fc0e4caa83da89b5cfc28) Importer(815301076,1909f56bfc062723c751e8b465ee728b)
Start importing Assets/Models/David/Martini/martini_Olive_Metallic.png using Guid(a53f9e660a1fc0e4caa83da89b5cfc28) Importer(815301076,1909f56bfc062723c751e8b465ee728b)  -> (artifact id: '2bb3820ad060991b15fd3821fe930533') in 0.014064 seconds 
========================================================================
Received Import Request.
  Time since last request: 0.000032 seconds.
  path: Assets/Models/David/Martini/martini_Olive_Normal.png
  artifactKey: Guid(a44d68afec6e5c1429e0d9ccf93e21ba) Importer(815301076,1909f56bfc062723c751e8b465ee728b)
Start importing Assets/Models/David/Martini/martini_Olive_Normal.png using Guid(a44d68afec6e5c1429e0d9ccf93e21ba) Importer(815301076,1909f56bfc062723c751e8b465ee728b)  -> (artifact id: 'f69cfcf49cb92a9fec9bb1db22ea62e4') in 0.011994 seconds 
========================================================================
Received Import Request.
  Time since last request: 0.000023 seconds.
  path: Assets/Models/David/Martini/martini_Glass_Normal.png
  artifactKey: Guid(617ad3d2b2ecbec429c51554f23aec64) Importer(815301076,1909f56bfc062723c751e8b465ee728b)
Start importing Assets/Models/David/Martini/martini_Glass_Normal.png using Guid(617ad3d2b2ecbec429c51554f23aec64) Importer(815301076,1909f56bfc062723c751e8b465ee728b)  -> (artifact id: '9086a6248826ffbb2cab1a39ff723a72') in 0.012273 seconds 
========================================================================
Received Import Request.
  Time since last request: 0.000023 seconds.
  path: Assets/Models/David/Martini/martini_Olive_Height.png
  artifactKey: Guid(9a7b0d9b2daf38a40ba6436c8607b525) Importer(815301076,1909f56bfc062723c751e8b465ee728b)
Start importing Assets/Models/David/Martini/martini_Olive_Height.png using Guid(9a7b0d9b2daf38a40ba6436c8607b525) Importer(815301076,1909f56bfc062723c751e8b465ee728b)  -> (artifact id: '059e5fdc4037e63bbab7ea403f1a9e90') in 0.011029 seconds 
========================================================================
Received Import Request.
  Time since last request: 0.000027 seconds.
  path: Assets/Models/David/Martini/martini_toothpick_Normal.png
  artifactKey: Guid(b5ee0c4d73f8b5449850d3c095e3d0dd) Importer(815301076,1909f56bfc062723c751e8b465ee728b)
Start importing Assets/Models/David/Martini/martini_toothpick_Normal.png using Guid(b5ee0c4d73f8b5449850d3c095e3d0dd) Importer(815301076,1909f56bfc062723c751e8b465ee728b)  -> (artifact id: 'bd61ad8622c9bfc37e22bff81123e0c1') in 0.011349 seconds 
========================================================================
Received Import Request.
  Time since last request: 53.656108 seconds.
  path: Assets/Materials/David/FakeWall.mat
  artifactKey: Guid(962ec96ef3d3b1d468e4d786ba46a269) Importer(815301076,1909f56bfc062723c751e8b465ee728b)
Start importing Assets/Materials/David/FakeWall.mat using Guid(962ec96ef3d3b1d468e4d786ba46a269) Importer(815301076,1909f56bfc062723c751e8b465ee728b)  -> (artifact id: '21f2cf3eee104f29650ab66d07ce23fa') in 0.025929 seconds 
Editor requested this worker to shutdown with reason: Scaling down because of idle timeout
AssetImportWorker is now disconnected from the server
Process exiting
Exiting without the bug reporter. Application will terminate with return code 0