Using pre-set license
Built from '2021.3/staging' branch; Version is '2021.3.14f1 (eee1884e7226) revision 15655304'; Using compiler version '192829333'; Build Type 'Release'
OS: 'Windows 11  (10.0.22621) 64bit Core' Language: 'en' Physical Memory: 16063 MB
BatchMode: 1, IsHumanControllingUs: 0, StartBugReporterOnCrash: 0, Is64bit: 1, IsPro: 1

COMMAND LINE ARGUMENTS:
C:\Program Files\Unity\Hub\Editor\2021.3.14f1\Editor\Unity.exe
-adb2
-batchMode
-noUpm
-name
AssetImportWorker7
-projectPath
C:/Users/Santiago/Documents/Master/Assets Assigment/cantina-unity-design/Cantina - Level Design
-logFile
Logs/AssetImportWorker7.log
-srvPort
49740
Successfully changed project path to: C:/Users/Santiago/Documents/Master/Assets Assigment/cantina-unity-design/Cantina - Level Design
C:/Users/Santiago/Documents/Master/Assets Assigment/cantina-unity-design/Cantina - Level Design
[UnityMemory] Configuration Parameters - Can be set up in boot.config
    "memorysetup-bucket-allocator-granularity=16"
    "memorysetup-bucket-allocator-bucket-count=8"
    "memorysetup-bucket-allocator-block-size=33554432"
    "memorysetup-bucket-allocator-block-count=8"
    "memorysetup-main-allocator-block-size=16777216"
    "memorysetup-thread-allocator-block-size=16777216"
    "memorysetup-gfx-main-allocator-block-size=16777216"
    "memorysetup-gfx-thread-allocator-block-size=16777216"
    "memorysetup-cache-allocator-block-size=4194304"
    "memorysetup-typetree-allocator-block-size=2097152"
    "memorysetup-profiler-bucket-allocator-granularity=16"
    "memorysetup-profiler-bucket-allocator-bucket-count=8"
    "memorysetup-profiler-bucket-allocator-block-size=33554432"
    "memorysetup-profiler-bucket-allocator-block-count=8"
    "memorysetup-profiler-allocator-block-size=16777216"
    "memorysetup-profiler-editor-allocator-block-size=1048576"
    "memorysetup-temp-allocator-size-main=16777216"
    "memorysetup-job-temp-allocator-block-size=2097152"
    "memorysetup-job-temp-allocator-block-size-background=1048576"
    "memorysetup-job-temp-allocator-reduction-small-platforms=262144"
    "memorysetup-temp-allocator-size-background-worker=32768"
    "memorysetup-temp-allocator-size-job-worker=262144"
    "memorysetup-temp-allocator-size-preload-manager=33554432"
    "memorysetup-temp-allocator-size-nav-mesh-worker=65536"
    "memorysetup-temp-allocator-size-audio-worker=65536"
    "memorysetup-temp-allocator-size-cloud-worker=32768"
    "memorysetup-temp-allocator-size-gi-baking-worker=262144"
    "memorysetup-temp-allocator-size-gfx=262144"
Refreshing native plugins compatible for Editor in 99.46 ms, found 3 plugins.
Preloading 0 native plugins for Editor in 0.00 ms.
Initialize engine version: 2021.3.14f1 (eee1884e7226)
[Subsystems] Discovering subsystems at path C:/Program Files/Unity/Hub/Editor/2021.3.14f1/Editor/Data/Resources/UnitySubsystems
[Subsystems] Discovering subsystems at path C:/Users/Santiago/Documents/Master/Assets Assigment/cantina-unity-design/Cantina - Level Design/Assets
GfxDevice: creating device client; threaded=0; jobified=0
Direct3D:
    Version:  Direct3D 11.0 [level 11.1]
    Renderer: NVIDIA GeForce RTX 3070 Laptop GPU (ID=0x249d)
    Vendor:   NVIDIA
    VRAM:     8033 MB
    Driver:   31.0.15.2824
Initialize mono
Mono path[0] = 'C:/Program Files/Unity/Hub/Editor/2021.3.14f1/Editor/Data/Managed'
Mono path[1] = 'C:/Program Files/Unity/Hub/Editor/2021.3.14f1/Editor/Data/MonoBleedingEdge/lib/mono/unityjit-win32'
Mono config path = 'C:/Program Files/Unity/Hub/Editor/2021.3.14f1/Editor/Data/MonoBleedingEdge/etc'
Using monoOptions --debugger-agent=transport=dt_socket,embedding=1,server=y,suspend=n,address=127.0.0.1:56936
Begin MonoManager ReloadAssembly
Registering precompiled unity dll's ...
Register platform support module: C:/Program Files/Unity/Hub/Editor/2021.3.14f1/Editor/Data/PlaybackEngines/WebGLSupport/UnityEditor.WebGL.Extensions.dll
Register platform support module: C:/Program Files/Unity/Hub/Editor/2021.3.14f1/Editor/Data/PlaybackEngines/WindowsStandaloneSupport/UnityEditor.WindowsStandalone.Extensions.dll
Registered in 0.003292 seconds.
Native extension for WindowsStandalone target not found
Native extension for WebGL target not found
Refreshing native plugins compatible for Editor in 76.86 ms, found 3 plugins.
Preloading 0 native plugins for Editor in 0.00 ms.
Mono: successfully reloaded assembly
- Completed reload, in  0.600 seconds
Domain Reload Profiling:
	ReloadAssembly (601ms)
		BeginReloadAssembly (66ms)
			ExecutionOrderSort (0ms)
			DisableScriptedObjects (0ms)
			BackupInstance (0ms)
			ReleaseScriptingObjects (0ms)
			CreateAndSetChildDomain (1ms)
		EndReloadAssembly (426ms)
			LoadAssemblies (64ms)
			RebuildTransferFunctionScriptingTraits (0ms)
			SetupTypeCache (91ms)
			ReleaseScriptCaches (0ms)
			RebuildScriptCaches (31ms)
			SetupLoadedEditorAssemblies (259ms)
				LogAssemblyErrors (0ms)
				InitializePlatformSupportModulesInManaged (9ms)
				SetLoadedEditorAssemblies (0ms)
				RefreshPlugins (77ms)
				BeforeProcessingInitializeOnLoad (1ms)
				ProcessInitializeOnLoadAttributes (130ms)
				ProcessInitializeOnLoadMethodAttributes (42ms)
				AfterProcessingInitializeOnLoad (0ms)
				EditorAssembliesLoaded (0ms)
			ExecutionOrderSort2 (0ms)
			AwakeInstancesAfterBackupRestoration (0ms)
Platform modules already initialized, skipping
Registering precompiled user dll's ...
Registered in 0.003448 seconds.
Begin MonoManager ReloadAssembly
Native extension for WindowsStandalone target not found
Native extension for WebGL target not found
Refreshing native plugins compatible for Editor in 0.73 ms, found 3 plugins.
Preloading 0 native plugins for Editor in 0.00 ms.
Mono: successfully reloaded assembly
- Completed reload, in  0.959 seconds
Domain Reload Profiling:
	ReloadAssembly (960ms)
		BeginReloadAssembly (102ms)
			ExecutionOrderSort (0ms)
			DisableScriptedObjects (5ms)
			BackupInstance (0ms)
			ReleaseScriptingObjects (0ms)
			CreateAndSetChildDomain (21ms)
		EndReloadAssembly (760ms)
			LoadAssemblies (81ms)
			RebuildTransferFunctionScriptingTraits (0ms)
			SetupTypeCache (237ms)
			ReleaseScriptCaches (0ms)
			RebuildScriptCaches (46ms)
			SetupLoadedEditorAssemblies (355ms)
				LogAssemblyErrors (0ms)
				InitializePlatformSupportModulesInManaged (5ms)
				SetLoadedEditorAssemblies (0ms)
				RefreshPlugins (1ms)
				BeforeProcessingInitializeOnLoad (86ms)
				ProcessInitializeOnLoadAttributes (238ms)
				ProcessInitializeOnLoadMethodAttributes (20ms)
				AfterProcessingInitializeOnLoad (5ms)
				EditorAssembliesLoaded (0ms)
			ExecutionOrderSort2 (0ms)
			AwakeInstancesAfterBackupRestoration (6ms)
Platform modules already initialized, skipping
========================================================================
Worker process is ready to serve import requests
Launched and connected shader compiler UnityShaderCompiler.exe after 0.04 seconds
Refreshing native plugins compatible for Editor in 0.71 ms, found 3 plugins.
Preloading 0 native plugins for Editor in 0.00 ms.
Unloading 3735 Unused Serialized files (Serialized files now loaded: 0)
Unloading 26 unused Assets / (111.0 KB). Loaded Objects now: 4195.
Memory consumption went from 134.8 MB to 134.7 MB.
Total: 3.364000 ms (FindLiveObjects: 0.342500 ms CreateObjectMapping: 0.115300 ms MarkObjects: 2.728000 ms  DeleteObjects: 0.176900 ms)

AssetImportParameters requested are different than current active one (requested -> active):
  custom:video-decoder-ogg-theora: a1e56fd34408186e4bbccfd4996cb3dc -> 
  custom:container-muxer-webm: aa71ff27fc2769a1b78a27578f13a17b -> 
  custom:container-demuxer-webm: 4f35f7cbe854078d1ac9338744f61a02 -> 
  custom:video-encoder-webm-vp8: eb34c28f22e8b96e1ab97ce403110664 -> 
  custom:video-codec-MediaFoundation-h265: 746d11721c4dcdbdad8f713fa42b33f4 -> 
  custom:audio-encoder-webm-vorbis: bf7c407c2cedff20999df2af8eb42d56 -> 
  custom:framework-win-MediaFoundation: 216162199b28c13a410421893ffa2e32 -> 
  custom:container-demuxer-ogg: 62fdf1f143b41e24485cea50d1cbac27 -> 
  custom:video-decoder-webm-vp8: 9c59270c3fd7afecdb556c50c9e8de78 -> 
  custom:audio-decoder-ogg-vorbis: bf7c407c2cedff20999df2af8eb42d56 -> 
========================================================================
Received Import Request.
  Time since last request: 51154.542003 seconds.
  path: Assets/Models/Santiago/Plant/lambert1_Base_Color_1001.png
  artifactKey: Guid(9d2d3f8270ffa32459bcf79e175d70ba) Importer(815301076,1909f56bfc062723c751e8b465ee728b)
Start importing Assets/Models/Santiago/Plant/lambert1_Base_Color_1001.png using Guid(9d2d3f8270ffa32459bcf79e175d70ba) Importer(815301076,1909f56bfc062723c751e8b465ee728b)  -> (artifact id: 'fc86281ca52fe7036ecf04c7d2cb968c') in 0.117954 seconds 
========================================================================
Received Import Request.
  Time since last request: 0.000036 seconds.
  path: Assets/Models/Santiago/Plant/phong2_Normal_1001.png
  artifactKey: Guid(992a8aa79efd649438478bcefaff4a2f) Importer(815301076,1909f56bfc062723c751e8b465ee728b)
Start importing Assets/Models/Santiago/Plant/phong2_Normal_1001.png using Guid(992a8aa79efd649438478bcefaff4a2f) Importer(815301076,1909f56bfc062723c751e8b465ee728b)  -> (artifact id: 'e6504d2532d8f5086bcd7afbe4832e33') in 0.021878 seconds 
========================================================================
Received Import Request.
  Time since last request: 0.000033 seconds.
  path: Assets/Models/Santiago/Plant/phong3_Normal_1001.png
  artifactKey: Guid(efa0c117cd4dffb4791a3918b6881a61) Importer(815301076,1909f56bfc062723c751e8b465ee728b)
Start importing Assets/Models/Santiago/Plant/phong3_Normal_1001.png using Guid(efa0c117cd4dffb4791a3918b6881a61) Importer(815301076,1909f56bfc062723c751e8b465ee728b)  -> (artifact id: '34a095cd190155610b222d756ed0cbd8') in 0.015763 seconds 
========================================================================
Received Import Request.
  Time since last request: 0.000020 seconds.
  path: Assets/Models/Santiago/Plant/lambert1_Normal.png
  artifactKey: Guid(430d0d39b3c77e1429b88d7423a0b9e9) Importer(815301076,1909f56bfc062723c751e8b465ee728b)
Start importing Assets/Models/Santiago/Plant/lambert1_Normal.png using Guid(430d0d39b3c77e1429b88d7423a0b9e9) Importer(815301076,1909f56bfc062723c751e8b465ee728b)  -> (artifact id: '065654364cc8fd616421ffbcdd392ace') in 0.018349 seconds 
========================================================================
Received Import Request.
  Time since last request: 0.000058 seconds.
  path: Assets/Models/Santiago/Plant/lambert1_Normal_OpenGL_1001.png
  artifactKey: Guid(4ef682ab7272faf4b8f3ca9f5f5be291) Importer(815301076,1909f56bfc062723c751e8b465ee728b)
Start importing Assets/Models/Santiago/Plant/lambert1_Normal_OpenGL_1001.png using Guid(4ef682ab7272faf4b8f3ca9f5f5be291) Importer(815301076,1909f56bfc062723c751e8b465ee728b)  -> (artifact id: 'ce05a9b2e0953f9d7b4804a9a1ac00db') in 0.018583 seconds 
========================================================================
Received Import Request.
  Time since last request: 0.000030 seconds.
  path: Assets/Models/Santiago/Plant/lambert1_Normal_OpenGL.png
  artifactKey: Guid(ad6dae4a751e0ea438740615820d7743) Importer(815301076,1909f56bfc062723c751e8b465ee728b)
Start importing Assets/Models/Santiago/Plant/lambert1_Normal_OpenGL.png using Guid(ad6dae4a751e0ea438740615820d7743) Importer(815301076,1909f56bfc062723c751e8b465ee728b)  -> (artifact id: 'b3b557334ed5d3969afb288e2a169422') in 0.015601 seconds 
========================================================================
Received Import Request.
  Time since last request: 0.000024 seconds.
  path: Assets/Models/Santiago/Plant/phong1_Roughness_1001.png
  artifactKey: Guid(121ead99cc1a0db46a2f3e4570ca5373) Importer(815301076,1909f56bfc062723c751e8b465ee728b)
Start importing Assets/Models/Santiago/Plant/phong1_Roughness_1001.png using Guid(121ead99cc1a0db46a2f3e4570ca5373) Importer(815301076,1909f56bfc062723c751e8b465ee728b)  -> (artifact id: '6e20dddb2615861f6fc594b87e9b5df6') in 0.016724 seconds 
========================================================================
Received Import Request.
  Time since last request: 0.000020 seconds.
  path: Assets/Models/Santiago/Plant/phong3_Base_Color_1001.png
  artifactKey: Guid(9f94f7b67a0d140468fcaf0d0a018ac9) Importer(815301076,1909f56bfc062723c751e8b465ee728b)
Start importing Assets/Models/Santiago/Plant/phong3_Base_Color_1001.png using Guid(9f94f7b67a0d140468fcaf0d0a018ac9) Importer(815301076,1909f56bfc062723c751e8b465ee728b)  -> (artifact id: 'bb1b748e93238a725f46da730fb3d1cf') in 0.019453 seconds 
========================================================================
Received Import Request.
  Time since last request: 0.000046 seconds.
  path: Assets/Models/Santiago/Plant/phong2_Roughness_1001.png
  artifactKey: Guid(56f8d6f212a3a4547b895adef1e5adf5) Importer(815301076,1909f56bfc062723c751e8b465ee728b)
Start importing Assets/Models/Santiago/Plant/phong2_Roughness_1001.png using Guid(56f8d6f212a3a4547b895adef1e5adf5) Importer(815301076,1909f56bfc062723c751e8b465ee728b)  -> (artifact id: '5670ab2d5ffe3209e09b811b3fbff3e1') in 0.016759 seconds 
========================================================================
Received Import Request.
  Time since last request: 0.000028 seconds.
  path: Assets/Models/Santiago/Plant/lambert1_Metallic_1001.png
  artifactKey: Guid(3d8a9912d8ac4b74084ddf9eecf8c4fa) Importer(815301076,1909f56bfc062723c751e8b465ee728b)
Start importing Assets/Models/Santiago/Plant/lambert1_Metallic_1001.png using Guid(3d8a9912d8ac4b74084ddf9eecf8c4fa) Importer(815301076,1909f56bfc062723c751e8b465ee728b)  -> (artifact id: '0807be28ae7131b5766fc001f2af8507') in 0.022116 seconds 
========================================================================
Received Import Request.
  Time since last request: 0.000036 seconds.
  path: Assets/Models/Santiago/Plant/lambert1_Height_1001.png
  artifactKey: Guid(12bcd344deded46488c998bcf86ccbc1) Importer(815301076,1909f56bfc062723c751e8b465ee728b)
Start importing Assets/Models/Santiago/Plant/lambert1_Height_1001.png using Guid(12bcd344deded46488c998bcf86ccbc1) Importer(815301076,1909f56bfc062723c751e8b465ee728b)  -> (artifact id: '30c535609380b4e64e05597270fd2d08') in 0.018408 seconds 
========================================================================
Received Import Request.
  Time since last request: 0.000045 seconds.
  path: Assets/Models/Santiago/Plant/phong3_Roughness_1001.png
  artifactKey: Guid(687e7a8446b20d3448bea3218214f6b1) Importer(815301076,1909f56bfc062723c751e8b465ee728b)
Start importing Assets/Models/Santiago/Plant/phong3_Roughness_1001.png using Guid(687e7a8446b20d3448bea3218214f6b1) Importer(815301076,1909f56bfc062723c751e8b465ee728b)  -> (artifact id: '0ed3d8a9b4d3f6045add1bde53bc5a84') in 0.016227 seconds 
========================================================================
Received Import Request.
  Time since last request: 0.000024 seconds.
  path: Assets/Models/Santiago/Plant/lambert1_Normal_1001.png
  artifactKey: Guid(16e6130780689684eb85d13e98fa8d62) Importer(815301076,1909f56bfc062723c751e8b465ee728b)
Start importing Assets/Models/Santiago/Plant/lambert1_Normal_1001.png using Guid(16e6130780689684eb85d13e98fa8d62) Importer(815301076,1909f56bfc062723c751e8b465ee728b)  -> (artifact id: '8948fb2bb173fcde201803bd17762efb') in 0.016745 seconds 
========================================================================
Received Import Request.
  Time since last request: 0.000032 seconds.
  path: Assets/Models/Santiago/Plant/lambert1_Roughness_1001.png
  artifactKey: Guid(a6ac8575fef807649b0cbc7894646c4e) Importer(815301076,1909f56bfc062723c751e8b465ee728b)
Start importing Assets/Models/Santiago/Plant/lambert1_Roughness_1001.png using Guid(a6ac8575fef807649b0cbc7894646c4e) Importer(815301076,1909f56bfc062723c751e8b465ee728b)  -> (artifact id: '2233ccfdd8d6fed94f0a9dc3dd9da948') in 0.017712 seconds 
========================================================================
Received Import Request.
  Time since last request: 0.000202 seconds.
  path: Assets/Models/Santiago/Plant/phong2_Normal_OpenGL_1001.png
  artifactKey: Guid(6aed518d384700a43b6cb567cca95abd) Importer(815301076,1909f56bfc062723c751e8b465ee728b)
Start importing Assets/Models/Santiago/Plant/phong2_Normal_OpenGL_1001.png using Guid(6aed518d384700a43b6cb567cca95abd) Importer(815301076,1909f56bfc062723c751e8b465ee728b)  -> (artifact id: 'fcc05d3c6ebc73def543927faf97c8d9') in 0.016536 seconds 
Editor requested this worker to shutdown with reason: Scaling down because of idle timeout
AssetImportWorker is now disconnected from the server
Process exiting
Exiting without the bug reporter. Application will terminate with return code 0