Using pre-set license
Built from '2021.3/staging' branch; Version is '2021.3.14f1 (eee1884e7226) revision 15655304'; Using compiler version '192829333'; Build Type 'Release'
OS: 'Windows 11  (10.0.22621) 64bit Core' Language: 'en' Physical Memory: 16063 MB
BatchMode: 1, IsHumanControllingUs: 0, StartBugReporterOnCrash: 0, Is64bit: 1, IsPro: 1

COMMAND LINE ARGUMENTS:
C:\Program Files\Unity\Hub\Editor\2021.3.14f1\Editor\Unity.exe
-adb2
-batchMode
-noUpm
-name
AssetImportWorker11
-projectPath
C:/Users/Santiago/Documents/Master/Assets Assigment/cantina-unity-design/Cantina - Level Design
-logFile
Logs/AssetImportWorker11.log
-srvPort
49740
Successfully changed project path to: C:/Users/Santiago/Documents/Master/Assets Assigment/cantina-unity-design/Cantina - Level Design
C:/Users/Santiago/Documents/Master/Assets Assigment/cantina-unity-design/Cantina - Level Design
[UnityMemory] Configuration Parameters - Can be set up in boot.config
    "memorysetup-bucket-allocator-granularity=16"
    "memorysetup-bucket-allocator-bucket-count=8"
    "memorysetup-bucket-allocator-block-size=33554432"
    "memorysetup-bucket-allocator-block-count=8"
    "memorysetup-main-allocator-block-size=16777216"
    "memorysetup-thread-allocator-block-size=16777216"
    "memorysetup-gfx-main-allocator-block-size=16777216"
    "memorysetup-gfx-thread-allocator-block-size=16777216"
    "memorysetup-cache-allocator-block-size=4194304"
    "memorysetup-typetree-allocator-block-size=2097152"
    "memorysetup-profiler-bucket-allocator-granularity=16"
    "memorysetup-profiler-bucket-allocator-bucket-count=8"
    "memorysetup-profiler-bucket-allocator-block-size=33554432"
    "memorysetup-profiler-bucket-allocator-block-count=8"
    "memorysetup-profiler-allocator-block-size=16777216"
    "memorysetup-profiler-editor-allocator-block-size=1048576"
    "memorysetup-temp-allocator-size-main=16777216"
    "memorysetup-job-temp-allocator-block-size=2097152"
    "memorysetup-job-temp-allocator-block-size-background=1048576"
    "memorysetup-job-temp-allocator-reduction-small-platforms=262144"
    "memorysetup-temp-allocator-size-background-worker=32768"
    "memorysetup-temp-allocator-size-job-worker=262144"
    "memorysetup-temp-allocator-size-preload-manager=33554432"
    "memorysetup-temp-allocator-size-nav-mesh-worker=65536"
    "memorysetup-temp-allocator-size-audio-worker=65536"
    "memorysetup-temp-allocator-size-cloud-worker=32768"
    "memorysetup-temp-allocator-size-gi-baking-worker=262144"
    "memorysetup-temp-allocator-size-gfx=262144"
Refreshing native plugins compatible for Editor in 98.29 ms, found 3 plugins.
Preloading 0 native plugins for Editor in 0.00 ms.
Initialize engine version: 2021.3.14f1 (eee1884e7226)
[Subsystems] Discovering subsystems at path C:/Program Files/Unity/Hub/Editor/2021.3.14f1/Editor/Data/Resources/UnitySubsystems
[Subsystems] Discovering subsystems at path C:/Users/Santiago/Documents/Master/Assets Assigment/cantina-unity-design/Cantina - Level Design/Assets
GfxDevice: creating device client; threaded=0; jobified=0
Direct3D:
    Version:  Direct3D 11.0 [level 11.1]
    Renderer: NVIDIA GeForce RTX 3070 Laptop GPU (ID=0x249d)
    Vendor:   NVIDIA
    VRAM:     8033 MB
    Driver:   31.0.15.2824
Initialize mono
Mono path[0] = 'C:/Program Files/Unity/Hub/Editor/2021.3.14f1/Editor/Data/Managed'
Mono path[1] = 'C:/Program Files/Unity/Hub/Editor/2021.3.14f1/Editor/Data/MonoBleedingEdge/lib/mono/unityjit-win32'
Mono config path = 'C:/Program Files/Unity/Hub/Editor/2021.3.14f1/Editor/Data/MonoBleedingEdge/etc'
Using monoOptions --debugger-agent=transport=dt_socket,embedding=1,server=y,suspend=n,address=127.0.0.1:56560
Begin MonoManager ReloadAssembly
Registering precompiled unity dll's ...
Register platform support module: C:/Program Files/Unity/Hub/Editor/2021.3.14f1/Editor/Data/PlaybackEngines/WebGLSupport/UnityEditor.WebGL.Extensions.dll
Register platform support module: C:/Program Files/Unity/Hub/Editor/2021.3.14f1/Editor/Data/PlaybackEngines/WindowsStandaloneSupport/UnityEditor.WindowsStandalone.Extensions.dll
Registered in 0.003252 seconds.
Native extension for WindowsStandalone target not found
Native extension for WebGL target not found
Refreshing native plugins compatible for Editor in 66.47 ms, found 3 plugins.
Preloading 0 native plugins for Editor in 0.00 ms.
Mono: successfully reloaded assembly
- Completed reload, in  0.567 seconds
Domain Reload Profiling:
	ReloadAssembly (568ms)
		BeginReloadAssembly (61ms)
			ExecutionOrderSort (0ms)
			DisableScriptedObjects (0ms)
			BackupInstance (0ms)
			ReleaseScriptingObjects (0ms)
			CreateAndSetChildDomain (1ms)
		EndReloadAssembly (411ms)
			LoadAssemblies (59ms)
			RebuildTransferFunctionScriptingTraits (0ms)
			SetupTypeCache (100ms)
			ReleaseScriptCaches (0ms)
			RebuildScriptCaches (28ms)
			SetupLoadedEditorAssemblies (240ms)
				LogAssemblyErrors (0ms)
				InitializePlatformSupportModulesInManaged (7ms)
				SetLoadedEditorAssemblies (0ms)
				RefreshPlugins (67ms)
				BeforeProcessingInitializeOnLoad (1ms)
				ProcessInitializeOnLoadAttributes (127ms)
				ProcessInitializeOnLoadMethodAttributes (38ms)
				AfterProcessingInitializeOnLoad (0ms)
				EditorAssembliesLoaded (0ms)
			ExecutionOrderSort2 (0ms)
			AwakeInstancesAfterBackupRestoration (0ms)
Platform modules already initialized, skipping
Registering precompiled user dll's ...
Registered in 0.005755 seconds.
Begin MonoManager ReloadAssembly
Native extension for WindowsStandalone target not found
Native extension for WebGL target not found
Refreshing native plugins compatible for Editor in 0.73 ms, found 3 plugins.
Preloading 0 native plugins for Editor in 0.00 ms.
Mono: successfully reloaded assembly
- Completed reload, in  1.144 seconds
Domain Reload Profiling:
	ReloadAssembly (1145ms)
		BeginReloadAssembly (124ms)
			ExecutionOrderSort (0ms)
			DisableScriptedObjects (6ms)
			BackupInstance (0ms)
			ReleaseScriptingObjects (0ms)
			CreateAndSetChildDomain (25ms)
		EndReloadAssembly (918ms)
			LoadAssemblies (88ms)
			RebuildTransferFunctionScriptingTraits (0ms)
			SetupTypeCache (305ms)
			ReleaseScriptCaches (1ms)
			RebuildScriptCaches (55ms)
			SetupLoadedEditorAssemblies (433ms)
				LogAssemblyErrors (0ms)
				InitializePlatformSupportModulesInManaged (6ms)
				SetLoadedEditorAssemblies (1ms)
				RefreshPlugins (1ms)
				BeforeProcessingInitializeOnLoad (99ms)
				ProcessInitializeOnLoadAttributes (295ms)
				ProcessInitializeOnLoadMethodAttributes (23ms)
				AfterProcessingInitializeOnLoad (8ms)
				EditorAssembliesLoaded (0ms)
			ExecutionOrderSort2 (0ms)
			AwakeInstancesAfterBackupRestoration (7ms)
Platform modules already initialized, skipping
========================================================================
Worker process is ready to serve import requests
Launched and connected shader compiler UnityShaderCompiler.exe after 0.05 seconds
Refreshing native plugins compatible for Editor in 0.70 ms, found 3 plugins.
Preloading 0 native plugins for Editor in 0.00 ms.
Unloading 3735 Unused Serialized files (Serialized files now loaded: 0)
Unloading 26 unused Assets / (111.0 KB). Loaded Objects now: 4195.
Memory consumption went from 134.8 MB to 134.7 MB.
Total: 4.248000 ms (FindLiveObjects: 0.248800 ms CreateObjectMapping: 0.134400 ms MarkObjects: 3.655700 ms  DeleteObjects: 0.207900 ms)

AssetImportParameters requested are different than current active one (requested -> active):
  custom:video-decoder-ogg-theora: a1e56fd34408186e4bbccfd4996cb3dc -> 
  custom:container-muxer-webm: aa71ff27fc2769a1b78a27578f13a17b -> 
  custom:container-demuxer-webm: 4f35f7cbe854078d1ac9338744f61a02 -> 
  custom:video-encoder-webm-vp8: eb34c28f22e8b96e1ab97ce403110664 -> 
  custom:video-codec-MediaFoundation-h265: 746d11721c4dcdbdad8f713fa42b33f4 -> 
  custom:audio-encoder-webm-vorbis: bf7c407c2cedff20999df2af8eb42d56 -> 
  custom:framework-win-MediaFoundation: 216162199b28c13a410421893ffa2e32 -> 
  custom:container-demuxer-ogg: 62fdf1f143b41e24485cea50d1cbac27 -> 
  custom:video-decoder-webm-vp8: 9c59270c3fd7afecdb556c50c9e8de78 -> 
  custom:audio-decoder-ogg-vorbis: bf7c407c2cedff20999df2af8eb42d56 -> 
========================================================================
Received Import Request.
  Time since last request: 51668.005132 seconds.
  path: Assets/Models/Santiago/Door/Materials
  artifactKey: Guid(c0cd7c74ab4435b4d89c4d9e8abb6e55) Importer(815301076,1909f56bfc062723c751e8b465ee728b)
Start importing Assets/Models/Santiago/Door/Materials using Guid(c0cd7c74ab4435b4d89c4d9e8abb6e55) Importer(815301076,1909f56bfc062723c751e8b465ee728b)  -> (artifact id: '44516f86e347db07924e056acbdc91cc') in 0.017621 seconds 
========================================================================
Received Import Request.
  Time since last request: 0.075979 seconds.
  path: Assets/Models/Santiago/Door/Materials/door-lambert1.mat
  artifactKey: Guid(3911b87ce2ed7664ebe69babf4e70ca4) Importer(815301076,1909f56bfc062723c751e8b465ee728b)
Start importing Assets/Models/Santiago/Door/Materials/door-lambert1.mat using Guid(3911b87ce2ed7664ebe69babf4e70ca4) Importer(815301076,1909f56bfc062723c751e8b465ee728b)  -> (artifact id: '0bf9f1374f4033728ec34f9aeeb2e6fd') in 0.135151 seconds 
========================================================================
Received Import Request.
  Time since last request: 139.383451 seconds.
  path: Assets/Models/Santiago/Stool/lambert1_Base_Color.png
  artifactKey: Guid(028b8e5136233f449a87365d93b644e7) Importer(815301076,1909f56bfc062723c751e8b465ee728b)
Start importing Assets/Models/Santiago/Stool/lambert1_Base_Color.png using Guid(028b8e5136233f449a87365d93b644e7) Importer(815301076,1909f56bfc062723c751e8b465ee728b)  -> (artifact id: '9956b3931f891169460ea87df26d7f3c') in 0.052157 seconds 
========================================================================
Received Import Request.
  Time since last request: 111.542236 seconds.
  path: Assets/Models/Santiago/Stool/stool.prefab
  artifactKey: Guid(40be25e3ed08cd5498c04885f3b3bf5b) Importer(815301076,1909f56bfc062723c751e8b465ee728b)
Start importing Assets/Models/Santiago/Stool/stool.prefab using Guid(40be25e3ed08cd5498c04885f3b3bf5b) Importer(815301076,1909f56bfc062723c751e8b465ee728b)  -> (artifact id: '2a7845f162c07970af9600429c0566bf') in 0.039515 seconds 
========================================================================
Received Import Request.
  Time since last request: 137.138730 seconds.
  path: Assets/Models/Santiago/Stool/lambert1_Base_Color.png
  artifactKey: Guid(68ebbcee3ca8137408bcb8f99030084a) Importer(815301076,1909f56bfc062723c751e8b465ee728b)
Start importing Assets/Models/Santiago/Stool/lambert1_Base_Color.png using Guid(68ebbcee3ca8137408bcb8f99030084a) Importer(815301076,1909f56bfc062723c751e8b465ee728b)  -> (artifact id: '91128ff46c31d6843f9699b76b0c8c80') in 0.014327 seconds 
========================================================================
Received Import Request.
  Time since last request: 235.821074 seconds.
  path: Assets/Models/Santiago/Dish/lambert1_Base_Color.png
  artifactKey: Guid(8be392795a8a78b449ccd8e7e84633ca) Importer(815301076,1909f56bfc062723c751e8b465ee728b)
Start importing Assets/Models/Santiago/Dish/lambert1_Base_Color.png using Guid(8be392795a8a78b449ccd8e7e84633ca) Importer(815301076,1909f56bfc062723c751e8b465ee728b)  -> (artifact id: 'd3d83ee60bb16def34ca7fb577d3dc96') in 0.023243 seconds 
========================================================================
Received Import Request.
  Time since last request: 75.310364 seconds.
  path: Assets/Models/Santiago/Dish/dish.prefab
  artifactKey: Guid(68d45fb833785fc4b839f234aeef0a35) Importer(815301076,1909f56bfc062723c751e8b465ee728b)
Start importing Assets/Models/Santiago/Dish/dish.prefab using Guid(68d45fb833785fc4b839f234aeef0a35) Importer(815301076,1909f56bfc062723c751e8b465ee728b)  -> (artifact id: '3c9c7ed9096317552295360e372435e1') in 0.021950 seconds 
========================================================================
Received Import Request.
  Time since last request: 284.641817 seconds.
  path: Assets/Models/Santiago/Door/lambert1_Base_Color_1001.png
  artifactKey: Guid(b5682383946638844a5449e8512c7bc0) Importer(815301076,1909f56bfc062723c751e8b465ee728b)
Start importing Assets/Models/Santiago/Door/lambert1_Base_Color_1001.png using Guid(b5682383946638844a5449e8512c7bc0) Importer(815301076,1909f56bfc062723c751e8b465ee728b)  -> (artifact id: '8e844380c37a7fd03fc56c482d59111c') in 0.023161 seconds 
========================================================================
Received Import Request.
  Time since last request: 81.948190 seconds.
  path: Assets/Models/Santiago/Door/door.prefab
  artifactKey: Guid(5603a35d55680ae4489ff9862b1d494b) Importer(815301076,1909f56bfc062723c751e8b465ee728b)
Start importing Assets/Models/Santiago/Door/door.prefab using Guid(5603a35d55680ae4489ff9862b1d494b) Importer(815301076,1909f56bfc062723c751e8b465ee728b)  -> (artifact id: 'c849e7e9eda0f3594d93357cefb5df5e') in 0.024807 seconds 
